Log file open, 01/25/19 15:07:17
LogWindows: Failed to load 'aqProf.dll' (GetLastError=126)
LogWindows: File 'aqProf.dll' does not exist
LogWindows: Failed to load 'VSPerf140.dll' (GetLastError=126)
LogWindows: File 'VSPerf140.dll' does not exist
LogWindows: Failed to load 'VtuneApi.dll' (GetLastError=126)
LogWindows: File 'VtuneApi.dll' does not exist
LogWindows: Failed to load 'VtuneApi32e.dll' (GetLastError=126)
LogWindows: File 'VtuneApi32e.dll' does not exist
LogInit: Display: Running engine for game: JS_WBICS002_AP
LogPlatformFile: Not using cached read wrapper
LogTaskGraph: Started task graph with 5 named threads and 23 total threads with 3 sets of task threads.
LogStats: Stats thread started at 0.268229
LogD3D11RHI: Loaded GFSDK_Aftermath_Lib.x64.dll
LogICUInternationalization: Display: ICU TimeZone Detection - Raw Offset: -7:00, Platform Override: ''
LogPluginManager: Mounting plugin Paper2D
LogPluginManager: Mounting plugin AISupport
LogPluginManager: Mounting plugin LightPropagationVolume
LogPluginManager: Mounting plugin CLionSourceCodeAccess
LogPluginManager: Mounting plugin CodeLiteSourceCodeAccess
LogPluginManager: Mounting plugin GitSourceControl
LogPluginManager: Mounting plugin KDevelopSourceCodeAccess
LogPluginManager: Mounting plugin NullSourceCodeAccess
LogPluginManager: Mounting plugin PerforceSourceControl
LogPluginManager: Mounting plugin SubversionSourceControl
LogPluginManager: Mounting plugin UObjectPlugin
LogPluginManager: Mounting plugin VisualStudioCodeSourceCodeAccess
LogPluginManager: Mounting plugin VisualStudioSourceCodeAccess
LogPluginManager: Mounting plugin XCodeSourceCodeAccess
LogPluginManager: Mounting plugin AssetManagerEditor
LogPluginManager: Mounting plugin CryptoKeys
LogPluginManager: Mounting plugin DataValidation
LogPluginManager: Mounting plugin FacialAnimation
LogPluginManager: Mounting plugin GameplayTagsEditor
LogPluginManager: Mounting plugin MacGraphicsSwitching
LogPluginManager: Mounting plugin MeshEditor
LogPluginManager: Mounting plugin MobileLauncherProfileWizard
LogPluginManager: Mounting plugin PluginBrowser
LogPluginManager: Mounting plugin SpeedTreeImporter
LogPluginManager: Mounting plugin DatasmithContent
LogPluginManager: Mounting plugin AlembicImporter
LogPluginManager: Mounting plugin AppleImageUtils
LogPluginManager: Mounting plugin AppleVision
LogPluginManager: Mounting plugin BackChannel
LogPluginManager: Mounting plugin CharacterAI
LogPluginManager: Mounting plugin GeometryCache
LogPluginManager: Mounting plugin HTML5Networking
LogPluginManager: Mounting plugin ProxyLODPlugin
LogPluginManager: Mounting plugin MagicLeap
LogPluginManager: Mounting plugin MagicLeapEmulator
LogPluginManager: Mounting plugin MagicLeapMedia
LogPluginManager: Mounting plugin AndroidMedia
LogPluginManager: Mounting plugin AvfMedia
LogPluginManager: Mounting plugin ImgMedia
LogPluginManager: Mounting plugin LinearTimecode
LogPluginManager: Mounting plugin MediaCompositing
LogPluginManager: Mounting plugin MediaPlayerEditor
LogPluginManager: Mounting plugin WmfMedia
LogPluginManager: Mounting plugin TcpMessaging
LogPluginManager: Mounting plugin UdpMessaging
LogPluginManager: Mounting plugin ActorSequence
LogPluginManager: Mounting plugin LevelSequenceEditor
LogPluginManager: Mounting plugin MatineeToLevelSequence
LogPluginManager: Mounting plugin NetcodeUnitTest
LogPluginManager: Mounting plugin NUTUnrealEngine4
LogPluginManager: Mounting plugin OnlineSubsystemGooglePlay
LogPluginManager: Mounting plugin OnlineSubsystemIOS
LogPluginManager: Mounting plugin OnlineSubsystem
LogPluginManager: Mounting plugin OnlineSubsystemNull
LogPluginManager: Mounting plugin OnlineSubsystemUtils
LogPluginManager: Mounting plugin LauncherChunkInstaller
LogPluginManager: Mounting plugin AndroidDeviceProfileSelector
LogPluginManager: Mounting plugin AndroidMoviePlayer
LogPluginManager: Mounting plugin AndroidPermission
LogPluginManager: Mounting plugin AppleMoviePlayer
LogPluginManager: Mounting plugin ArchVisCharacter
LogPluginManager: Mounting plugin AudioCapture
LogPluginManager: Mounting plugin CableComponent
LogPluginManager: Mounting plugin CustomMeshComponent
LogPluginManager: Mounting plugin EditableMesh
LogPluginManager: Mounting plugin ExampleDeviceProfileSelector
LogPluginManager: Mounting plugin GoogleCloudMessaging
LogPluginManager: Mounting plugin ImmediatePhysics
LogPluginManager: Mounting plugin IOSDeviceProfileSelector
LogPluginManager: Mounting plugin LinuxDeviceProfileSelector
LogPluginManager: Mounting plugin LocationServicesBPLibrary
LogPluginManager: Mounting plugin MobilePatchingUtils
LogPluginManager: Mounting plugin OculusVR
LogPluginManager: Plugin shader directory ../../../Engine/Plugins/Runtime/Oculus/OculusVR/Shaders found
LogPluginManager: Mapping shader source directory ../../../Engine/Plugins/Runtime/Oculus/OculusVR/Shaders to virtual directory /Plugin/OculusVR
LogPluginManager: Mounting plugin PhysXVehicles
LogPluginManager: Mounting plugin ProceduralMeshComponent
LogPluginManager: Mounting plugin RuntimePhysXCooking
LogPluginManager: Mounting plugin SteamVR
LogPluginManager: Mounting plugin WindowsMoviePlayer
LogStreaming: Display: Took  0.082s to configure plugins.
LogInit: Using libcurl 7.55.1-DEV
LogInit:  - built for x86_64-pc-win32
LogInit:  - supports SSL with OpenSSL/1.0.2h
LogInit:  - supports HTTP deflate (compression) using libz 1.2.8
LogInit:  - other features:
LogInit:      CURL_VERSION_SSL
LogInit:      CURL_VERSION_LIBZ
LogInit:      CURL_VERSION_IPV6
LogInit:      CURL_VERSION_ASYNCHDNS
LogInit:      CURL_VERSION_LARGEFILE
LogInit:      CURL_VERSION_IDN
LogInit:  CurlRequestOptions (configurable via config and command line):
LogInit:  - bVerifyPeer = false  - Libcurl will NOT verify peer certificate
LogInit:  - bUseHttpProxy = false  - Libcurl will NOT use HTTP proxy
LogInit:  - bDontReuseConnections = false  - Libcurl will reuse connections
LogInit:  - CertBundlePath = nullptr  - Libcurl will use whatever was configured at build time.
LogInit:  - MaxHostConnections = 16  - Libcurl will limit the number of connections to a host
LogInit:  - LocalHostAddr = Default
LogInit:  - BufferSize = 65536
LogInit: WinSock: version 1.1 (2.2), MaxSocks=32767, MaxUdp=65467
LogHMD: Failed initializing OVRPlugin 1.25.0
LogInit: Build: ++UE4+Release-4.20-CL-4369336
LogInit: Engine Version: 4.20.3-4369336+++UE4+Release-4.20
LogInit: Compatible Engine Version: 4.20.0-4212847+++UE4+Release-4.20
LogInit: Net CL: 4212847
LogInit: OS: Windows 10 (), CPU: Intel(R) Core(TM) i7-4790K CPU @ 4.00GHz, GPU: NVIDIA GeForce GTX 1070
LogInit: Compiled (64-bit): Sep 17 2018 12:26:19
LogInit: Compiled with Visual C++: 19.13.26129.00
LogInit: Build Configuration: Development
LogInit: Branch Name: ++UE4+Release-4.20
LogInit: Command Line:  
LogInit: Base Directory: C:/Program Files/Epic Games/UE_4.20/Engine/Binaries/Win64/
LogInit: Installed Engine Build: 1
LogDevObjectVersion: Number of dev versions registered: 20
LogDevObjectVersion:   Dev-Blueprints (B0D832E4-1F89-4F0D-ACCF-7EB736FD4AA2): 10
LogDevObjectVersion:   Dev-Build (E1C64328-A22C-4D53-A36C-8E866417BD8C): 0
LogDevObjectVersion:   Dev-Core (375EC13C-06E4-48FB-B500-84F0262A717E): 2
LogDevObjectVersion:   Dev-Editor (E4B068ED-F494-42E9-A231-DA0B2E46BB41): 24
LogDevObjectVersion:   Dev-Framework (CFFC743F-43B0-4480-9391-14DF171D2073): 34
LogDevObjectVersion:   Dev-Mobile (B02B49B5-BB20-44E9-A304-32B752E40360): 2
LogDevObjectVersion:   Dev-Networking (A4E4105C-59A1-49B5-A7C5-40C4547EDFEE): 0
LogDevObjectVersion:   Dev-Online (39C831C9-5AE6-47DC-9A44-9C173E1C8E7C): 0
LogDevObjectVersion:   Dev-Physics (78F01B33-EBEA-4F98-B9B4-84EACCB95AA2): 0
LogDevObjectVersion:   Dev-Platform (6631380F-2D4D-43E0-8009-CF276956A95A): 0
LogDevObjectVersion:   Dev-Rendering (12F88B9F-8875-4AFC-A67C-D90C383ABD29): 26
LogDevObjectVersion:   Dev-Sequencer (7B5AE74C-D270-4C10-A958-57980B212A5A): 9
LogDevObjectVersion:   Dev-VR (D7296918-1DD6-4BDD-9DE2-64A83CC13884): 2
LogDevObjectVersion:   Dev-LoadTimes (C2A15278-BFE7-4AFE-6C17-90FF531DF755): 1
LogDevObjectVersion:   Private-Geometry (6EACA3D4-40EC-4CC1-B786-8BED09428FC5): 3
LogDevObjectVersion:   Dev-AnimPhys (29E575DD-E0A3-4627-9D10-D276232CDCEA): 17
LogDevObjectVersion:   Dev-ReflectionCapture (6B266CEC-1EC7-4B8F-A30B-E4D90942FC07): 1
LogDevObjectVersion:   Dev-Automation (0DF73D61-A23F-47EA-B727-89E90C41499A): 1
LogDevObjectVersion:   FortniteMain (601D1886-AC64-4F84-AA16-D3DE0DEAC7D6): 12
LogDevObjectVersion:   Dev-Enterprise (9DFFBCD6-494F-0158-E221-12823C92A888): 1
LogStreaming: Display: Took  0.000s to delete old logs.
LogInit: Presizing for max 8388607 objects, including 0 objects not considered by GC, pre-allocating 0 bytes for permanent pool.
LogInit: Object subsystem initialized
[2019.01.25-22.07.18:501][  0]LogInit: Selected Device Profile: [Windows]
[2019.01.25-22.07.18:501][  0]LogInit: Applying CVar settings loaded from the selected device profile: [Windows]
[2019.01.25-22.07.18:508][  0]LogHAL: Display: Platform has ~ 16 GB [17074925568 / 17179869184 / 16], which maps to Larger [LargestMinGB=32, LargerMinGB=12, DefaultMinGB=8, SmallerMinGB=6, SmallestMinGB=0)
[2019.01.25-22.07.18:508][  0]LogInit: Setting Device Profile CVar: [[r.Vulkan.UseRealUBs:1]]
[2019.01.25-22.07.18:508][  0]LogInit: Going up to parent DeviceProfile []
[2019.01.25-22.07.18:509][  0]LogInit: Computer: MLPC-KCVR06
[2019.01.25-22.07.18:509][  0]LogInit: User: u1195248
[2019.01.25-22.07.18:509][  0]LogInit: CPU Page size=4096, Cores=4
[2019.01.25-22.07.18:509][  0]LogInit: High frequency timer resolution =3.897218 MHz
[2019.01.25-22.07.18:509][  0]LogMemory: Memory total: Physical=15.9GB (16GB approx)
[2019.01.25-22.07.18:509][  0]LogMemory: Platform Memory Stats for Windows
[2019.01.25-22.07.18:509][  0]LogMemory: Process Physical Memory: 102.51 MB used, 102.51 MB peak
[2019.01.25-22.07.18:509][  0]LogMemory: Process Virtual Memory: 94.43 MB used, 94.43 MB peak
[2019.01.25-22.07.18:509][  0]LogMemory: Physical Memory: 5300.00 MB used,  10983.91 MB free, 16283.92 MB total
[2019.01.25-22.07.18:509][  0]LogMemory: Virtual Memory: 4657.80 MB used,  10983.91 MB free, 134217728.00 MB total
[2019.01.25-22.07.18:520][  0]LogInit: Using OS detected language (en-US).
[2019.01.25-22.07.18:520][  0]LogInit: Using OS detected locale (en-US).
[2019.01.25-22.07.18:521][  0]LogTextLocalizationManager: No specific localization for 'en-US' exists, so the 'en' localization will be used.
[2019.01.25-22.07.18:853][  0]LogStreaming: Display: Took  0.332s to InitEngineTextLocalization.
[2019.01.25-22.07.18:853][  0]LogInit: Setting process to per monitor DPI aware
[2019.01.25-22.07.18:875][  0]LogSlate: New Slate User Created.  User Index 0, Is Virtual User: 0
[2019.01.25-22.07.18:875][  0]LogSlate: Slate User Registered.  User Index 0, Is Virtual User: 0
[2019.01.25-22.07.19:030][  0]LogHMD: Failed to initialize OpenVR with code 110
[2019.01.25-22.07.19:030][  0]LogD3D11RHI: D3D11 adapters:
[2019.01.25-22.07.19:071][  0]LogD3D11RHI:    0. 'NVIDIA GeForce GTX 1070' (Feature Level 11_0)
[2019.01.25-22.07.19:072][  0]LogD3D11RHI:       8096/0/8141 MB DedicatedVideo/DedicatedSystem/SharedSystem, Outputs:1, VendorId:0x10de
[2019.01.25-22.07.19:077][  0]LogD3D11RHI:    1. 'Intel(R) HD Graphics 4600' (Feature Level 11_0)
[2019.01.25-22.07.19:077][  0]LogD3D11RHI:       112/0/2048 MB DedicatedVideo/DedicatedSystem/SharedSystem, Outputs:1, VendorId:0x8086
[2019.01.25-22.07.19:079][  0]LogD3D11RHI:    2. 'Microsoft Basic Render Driver' (Feature Level 11_0)
[2019.01.25-22.07.19:079][  0]LogD3D11RHI:       0/0/8141 MB DedicatedVideo/DedicatedSystem/SharedSystem, Outputs:0, VendorId:0x1414
[2019.01.25-22.07.19:079][  0]LogD3D11RHI: Chosen D3D11 Adapter: 0
[2019.01.25-22.07.19:084][  0]LogD3D11RHI: Creating new Direct3DDevice
[2019.01.25-22.07.19:084][  0]LogD3D11RHI:     GPU DeviceId: 0x1b81 (for the marketing name, search the web for "GPU Device Id")
[2019.01.25-22.07.19:084][  0]LogWindows: EnumDisplayDevices:
[2019.01.25-22.07.19:084][  0]LogWindows:    0. 'NVIDIA GeForce GTX 1070' (P:1 D:1)
[2019.01.25-22.07.19:085][  0]LogWindows:    1. 'NVIDIA GeForce GTX 1070' (P:0 D:0)
[2019.01.25-22.07.19:085][  0]LogWindows:    2. 'NVIDIA GeForce GTX 1070' (P:0 D:0)
[2019.01.25-22.07.19:085][  0]LogWindows:    3. 'NVIDIA GeForce GTX 1070' (P:0 D:0)
[2019.01.25-22.07.19:085][  0]LogWindows:    4. 'Intel(R) HD Graphics 4600' (P:0 D:1)
[2019.01.25-22.07.19:086][  0]LogWindows:    5. 'Intel(R) HD Graphics 4600' (P:0 D:0)
[2019.01.25-22.07.19:086][  0]LogWindows:    6. 'Intel(R) HD Graphics 4600' (P:0 D:0)
[2019.01.25-22.07.19:086][  0]LogWindows: DebugString: PrimaryIsNotTheChoosenAdapter PrimaryIsNotTheChoosenAdapter PrimaryIsNotTheChoosenAdapter FoundDriverCount:4 
[2019.01.25-22.07.19:086][  0]LogD3D11RHI:     Adapter Name: NVIDIA GeForce GTX 1070
[2019.01.25-22.07.19:086][  0]LogD3D11RHI:   Driver Version: 388.71 (internal:23.21.13.8871, unified:388.71)
[2019.01.25-22.07.19:086][  0]LogD3D11RHI:      Driver Date: 12-15-2017
[2019.01.25-22.07.19:086][  0]LogRHI: Texture pool is 5667 MB (70% of 8096 MB)
[2019.01.25-22.07.19:105][  0]LogD3D11RHI: Async texture creation enabled
[2019.01.25-22.07.19:116][  0]LogD3D11RHI: GPU Timing Frequency: 1000.000000 (Debug: 2 1)
[2019.01.25-22.07.21:211][  0]LogWindowsTextInputMethodSystem: Display: IME system now deactivated.
[2019.01.25-22.07.21:214][  0]LogShaderCompilers: Guid format shader working directory is -30 characters bigger than the processId version (../../../../../../Users/u1195248/Documents/GitHub/JS_AssetPipeline/JesseUnreal/Intermediate/Shaders/WorkingDirectory/12212/).
[2019.01.25-22.07.21:214][  0]LogShaderCompilers: Cleaned the shader compiler working directory 'C:/Users/u1195248/AppData/Local/Temp/UnrealShaderWorkingDir/5126F181480FCAE1BE882EAB6D1E951E/'.
[2019.01.25-22.07.21:474][  0]LogTemp: Display: Loaded TP AllDesktopTargetPlatform
[2019.01.25-22.07.21:486][  0]LogTemp: Display: Loaded TP MacClientTargetPlatform
[2019.01.25-22.07.21:496][  0]LogTemp: Display: Loaded TP MacNoEditorTargetPlatform
[2019.01.25-22.07.21:507][  0]LogTemp: Display: Loaded TP MacServerTargetPlatform
[2019.01.25-22.07.21:518][  0]LogTemp: Display: Loaded TP MacTargetPlatform
[2019.01.25-22.07.21:529][  0]LogTemp: Display: Loaded TP WindowsClientTargetPlatform
[2019.01.25-22.07.21:539][  0]LogTemp: Display: Loaded TP WindowsNoEditorTargetPlatform
[2019.01.25-22.07.21:550][  0]LogTemp: Display: Loaded TP WindowsServerTargetPlatform
[2019.01.25-22.07.21:555][  0]LogTemp: Display: Loaded TP WindowsTargetPlatform
[2019.01.25-22.07.21:620][  0]LogTemp: Display: Loaded TP AndroidTargetPlatform
[2019.01.25-22.07.21:620][  0]LogTemp: Display: Loaded TP AndroidTargetPlatform
[2019.01.25-22.07.21:620][  0]LogTemp: Display: Loaded TP AndroidTargetPlatform
[2019.01.25-22.07.21:620][  0]LogTemp: Display: Loaded TP AndroidTargetPlatform
[2019.01.25-22.07.21:620][  0]LogTemp: Display: Loaded TP AndroidTargetPlatform
[2019.01.25-22.07.21:620][  0]LogTemp: Display: Loaded TP AndroidTargetPlatform
[2019.01.25-22.07.21:620][  0]LogTemp: Display: Loaded TP AndroidTargetPlatform
[2019.01.25-22.07.21:620][  0]LogTemp: Display: Loaded TP AndroidTargetPlatform
[2019.01.25-22.07.21:620][  0]LogTemp: Display: Loaded TP AndroidTargetPlatform
[2019.01.25-22.07.21:620][  0]LogTemp: Display: Loaded TP AndroidTargetPlatform
[2019.01.25-22.07.21:620][  0]LogTemp: Display: Loaded TP AndroidTargetPlatform
[2019.01.25-22.07.21:620][  0]LogTemp: Display: Loaded TP AndroidTargetPlatform
[2019.01.25-22.07.21:620][  0]LogTemp: Display: Loaded TP AndroidTargetPlatform
[2019.01.25-22.07.21:620][  0]LogTemp: Display: Loaded TP AndroidTargetPlatform
[2019.01.25-22.07.21:620][  0]LogTemp: Display: Loaded TP AndroidTargetPlatform
[2019.01.25-22.07.21:620][  0]LogTemp: Display: Loaded TP AndroidTargetPlatform
[2019.01.25-22.07.21:620][  0]LogTemp: Display: Loaded TP AndroidTargetPlatform
[2019.01.25-22.07.21:620][  0]LogTemp: Display: Loaded TP AndroidTargetPlatform
[2019.01.25-22.07.21:621][  0]LogTemp: Display: Loaded TP HTML5TargetPlatform
[2019.01.25-22.07.21:676][  0]LogTemp: Display: Loaded TP IOSTargetPlatform
[2019.01.25-22.07.21:676][  0]LogTemp: Display: Loaded TP IOSTargetPlatform
[2019.01.25-22.07.21:695][  0]LogTemp: Display: Loaded TP TVOSTargetPlatform
[2019.01.25-22.07.21:695][  0]LogTemp: Display: Loaded TP TVOSTargetPlatform
[2019.01.25-22.07.21:705][  0]LogTemp: Display: Loaded TP LinuxClientTargetPlatform
[2019.01.25-22.07.21:715][  0]LogTemp: Display: Loaded TP LinuxNoEditorTargetPlatform
[2019.01.25-22.07.21:725][  0]LogTemp: Display: Loaded TP LinuxServerTargetPlatform
[2019.01.25-22.07.21:735][  0]LogTemp: Display: Loaded TP LinuxTargetPlatform
[2019.01.25-22.07.21:743][  0]LogTemp: Display: Loaded TP LuminTargetPlatform
[2019.01.25-22.07.21:743][  0]LogTargetPlatformManager: Display: Building Assets For Windows
[2019.01.25-22.07.21:787][  0]LogXGEController: Cannot use XGE Controller as Incredibuild is not installed on this machine.
[2019.01.25-22.07.21:787][  0]LogShaderCompilers: Cannot use XGE Shader Compiler as Incredibuild is not installed on this machine.
[2019.01.25-22.07.21:787][  0]LogShaderCompilers: Display: Using Local Shader Compiler.
[2019.01.25-22.07.22:421][  0]LogDerivedDataCache: Display: Max Cache Size: 512 MB
[2019.01.25-22.07.22:484][  0]LogDerivedDataCache: Loaded boot cache 0.06s 87MB C:/Users/u1195248/AppData/Local/UnrealEngine/4.20/DerivedDataCache/Boot.ddc.
[2019.01.25-22.07.22:485][  0]LogDerivedDataCache: Display: Loaded Boot cache: C:/Users/u1195248/AppData/Local/UnrealEngine/4.20/DerivedDataCache/Boot.ddc
[2019.01.25-22.07.22:485][  0]LogDerivedDataCache: FDerivedDataBackendGraph:  Pak pak cache file ../../../../../../Users/u1195248/Documents/GitHub/JS_AssetPipeline/JesseUnreal/DerivedDataCache/DDC.ddp not found, will not use a pak cache.
[2019.01.25-22.07.22:485][  0]LogDerivedDataCache: Unable to find inner node Pak for hierarchical cache Hierarchy.
[2019.01.25-22.07.22:485][  0]LogDerivedDataCache: FDerivedDataBackendGraph:  CompressedPak pak cache file ../../../../../../Users/u1195248/Documents/GitHub/JS_AssetPipeline/JesseUnreal/DerivedDataCache/Compressed.ddp not found, will not use a pak cache.
[2019.01.25-22.07.22:485][  0]LogDerivedDataCache: Unable to find inner node CompressedPak for hierarchical cache Hierarchy.
[2019.01.25-22.07.22:496][  0]LogDerivedDataCache: Display: Pak cache opened for reading ../../../Engine/DerivedDataCache/Compressed.ddp.
[2019.01.25-22.07.22:508][  0]LogDerivedDataCache: Using Local data cache path C:/Users/u1195248/AppData/Local/UnrealEngine/Common/DerivedDataCache: Writable
[2019.01.25-22.07.22:508][  0]LogDerivedDataCache: Shared data cache path not found in *engine.ini, will not use an Shared cache.
[2019.01.25-22.07.22:508][  0]LogDerivedDataCache: Unable to find inner node Shared for hierarchical cache Hierarchy.
[2019.01.25-22.07.22:524][  0]LogMaterial: Verifying Global Shaders for PCD3D_SM5
[2019.01.25-22.07.22:525][  0]LogSlate: Using FreeType 2.6.0
[2019.01.25-22.07.22:525][  0]LogSlate: SlateFontServices - WITH_FREETYPE: 1, WITH_HARFBUZZ: 1
[2019.01.25-22.07.22:593][  0]LogAssetRegistry: FAssetRegistry took 0.0255 seconds to start up
[2019.01.25-22.07.22:877][  0]LogInit: Selected Device Profile: [Windows]
[2019.01.25-22.07.22:982][  0]LogSimplygon: Simplygon DLL not present - disabling.
[2019.01.25-22.07.22:985][  0]LogMeshReduction: Using SimplygonSwarm for distributed automatic mesh merging
[2019.01.25-22.07.22:985][  0]LogMeshReduction: Using ProxyLODMeshReduction for automatic mesh merging
[2019.01.25-22.07.22:985][  0]LogMeshReduction: Using QuadricMeshReduction for automatic static mesh reduction
[2019.01.25-22.07.22:985][  0]LogMeshReduction: No automatic skeletal mesh reduction module available
[2019.01.25-22.07.23:003][  0]LogNetVersion: JS_WBICS002_AP 1.0.0, NetCL: 4212847, EngineNetVer: 5, GameNetVer: 0 (Checksum: 3862414814)
[2019.01.25-22.07.23:441][  0]LogPackageLocalizationCache: Processed 11 localized package path(s) for 2 prioritized culture(s) in 0.067782 seconds
[2019.01.25-22.07.23:450][  0]LogUObjectArray: 38425 objects as part of root set at end of initial load.
[2019.01.25-22.07.23:450][  0]LogUObjectAllocator: 6690872 out of 0 bytes used by permanent object pool.
[2019.01.25-22.07.23:450][  0]LogUObjectArray: CloseDisregardForGC: 0/0 objects in disregard for GC pool
[2019.01.25-22.07.24:141][  0]LogTcpMessaging: Initializing TcpMessaging bridge
[2019.01.25-22.07.24:155][  0]LogUdpMessaging: Initializing bridge on interface 0.0.0.0:0 to multicast group 230.0.0.1:6666.
[2019.01.25-22.07.24:281][  0]SourceControl: Source control is disabled
[2019.01.25-22.07.24:281][  0]SourceControl: Source control is disabled
[2019.01.25-22.07.24:282][  0]SourceControl: Source control is disabled
[2019.01.25-22.07.24:283][  0]SourceControl: Source control is disabled
[2019.01.25-22.07.24:433][  0]LogAndroidPermission: UAndroidPermissionCallbackProxy::GetInstance
[2019.01.25-22.07.24:474][  0]LogOcInput: OculusInput pre-init called
[2019.01.25-22.07.24:527][  0]LogEngine: Initializing Engine...
[2019.01.25-22.07.24:528][  0]LogHMD: Failed to initialize OpenVR with code 110
[2019.01.25-22.07.24:529][  0]LogStats: UGameplayTagsManager::ConstructGameplayTagTree: ImportINI prefixes -  0.000 s
[2019.01.25-22.07.24:529][  0]LogStats: UGameplayTagsManager::ConstructGameplayTagTree: Construct from data asset -  0.000 s
[2019.01.25-22.07.24:529][  0]LogStats: UGameplayTagsManager::ConstructGameplayTagTree: ImportINI -  0.000 s
[2019.01.25-22.07.24:529][  0]LogStats: UGameplayTagsManager::ConstructGameplayTagTree: GameplayTagTreeChangedEvent.Broadcast -  0.000 s
[2019.01.25-22.07.24:709][  0]LogInit: Initializing FReadOnlyCVARCache
[2019.01.25-22.07.24:720][  0]LogAIModule: Creating AISystem for world Untitled
[2019.01.25-22.07.24:766][  0]LogInit: XAudio2 using '2778X (Intel(R) Display Audio)' : 2 channels at 48 kHz using 16 bits per sample (channel mask 0x3)
[2019.01.25-22.07.24:777][  0]LogInit: FAudioDevice initialized.
[2019.01.25-22.07.24:778][  0]LogNetVersion: Set ProjectVersion to 1.0.0.0. Version Checksum will be recalculated on next use.
[2019.01.25-22.07.27:507][  0]LogDerivedDataCache: Saved boot cache 2.73s 87MB C:/Users/u1195248/AppData/Local/UnrealEngine/4.20/DerivedDataCache/Boot.ddc.
[2019.01.25-22.07.27:512][  0]LogInit: Texture streaming: Enabled
[2019.01.25-22.07.27:526][  0]LogEngineSessionManager: EngineSessionManager initialized
[2019.01.25-22.07.27:535][  0]LogInit: Transaction tracking system initialized
[2019.01.25-22.07.27:551][  0]BlueprintLog: New page: Editor Load
[2019.01.25-22.07.27:605][  0]LocalizationService: Localization service is disabled
[2019.01.25-22.07.27:840][  0]LogFileCache: Scanning file cache for directory 'C:/Users/u1195248/Documents/GitHub/JS_AssetPipeline/JesseUnreal/Content/' took 0.01s
[2019.01.25-22.07.27:840][  0]LogCook: Display: Max memory allowance for cook 16384mb min free memory 0mb
[2019.01.25-22.07.27:840][  0]LogCook: Display: Mobile HDR setting 1
[2019.01.25-22.07.27:840][  0]LogGameplayTags: Display: UGameplayTagsManager::DoneAddingNativeTags. DelegateIsBound: 0
[2019.01.25-22.07.27:840][  0]LogStats: UGameplayTagsManager::ConstructGameplayTagTree: ImportINI prefixes -  0.000 s
[2019.01.25-22.07.27:840][  0]LogStats: UGameplayTagsManager::ConstructGameplayTagTree: Construct from data asset -  0.000 s
[2019.01.25-22.07.27:840][  0]LogStats: UGameplayTagsManager::ConstructGameplayTagTree: ImportINI -  0.000 s
[2019.01.25-22.07.27:840][  0]LogStats: UGameplayTagsManager::ConstructGameplayTagTree: GameplayTagTreeChangedEvent.Broadcast -  0.000 s
[2019.01.25-22.07.27:929][  0]SourceControl: Source control is disabled
[2019.01.25-22.07.27:929][  0]Cmd: MAP LOAD FILE="../../../Engine/Content/Maps/Templates/Template_Default.umap" TEMPLATE=1 SHOWPROGRESS=1 FEATURELEVEL=3
[2019.01.25-22.07.27:930][  0]LightingResults: New page: Lighting Build
[2019.01.25-22.07.27:932][  0]MapCheck: New page: Map Check
[2019.01.25-22.07.27:932][  0]LightingResults: New page: Lighting Build
[2019.01.25-22.07.28:091][  0]LogAIModule: Creating AISystem for world Untitled_1
[2019.01.25-22.07.28:096][  0]LogEditorServer: Finished looking for orphan Actors (0.000 secs)
[2019.01.25-22.07.28:116][  0]Cmd: MAP CHECKDEP NOCLEARLOG
[2019.01.25-22.07.28:173][  0]MapCheck: Map check complete: 0 Error(s), 0 Warning(s), took 57.256ms to complete.
[2019.01.25-22.07.28:173][  0]LogFileHelpers: Loading map 'Template_Default' took 0.244
[2019.01.25-22.07.28:342][  0]LogWindowsTextInputMethodSystem: Display: IME system now deactivated.
[2019.01.25-22.07.31:192][  0]LogSlate: Updating window title bar state: overlay mode, drag disabled, window buttons hidden, title bar hidden
[2019.01.25-22.07.31:199][  0]LogSlate: Updating window title bar state: overlay mode, drag disabled, window buttons hidden, title bar hidden
[2019.01.25-22.07.31:205][  0]LogSlate: Updating window title bar state: overlay mode, drag disabled, window buttons hidden, title bar hidden
[2019.01.25-22.07.31:211][  0]LogSlate: Updating window title bar state: overlay mode, drag disabled, window buttons hidden, title bar hidden
[2019.01.25-22.07.31:221][  0]LogCollectionManager: Loaded 0 collections in 0.000982 seconds
[2019.01.25-22.07.31:280][  0]LogFileCache: Scanning file cache for directory 'C:/Users/u1195248/Documents/GitHub/JS_AssetPipeline/JesseUnreal/Saved/Collections/' took 0.01s
[2019.01.25-22.07.31:280][  0]LogFileCache: Scanning file cache for directory 'C:/Users/u1195248/Documents/GitHub/JS_AssetPipeline/JesseUnreal/Content/Developers/u1195248/Collections/' took 0.01s
[2019.01.25-22.07.31:280][  0]LogFileCache: Scanning file cache for directory 'C:/Users/u1195248/Documents/GitHub/JS_AssetPipeline/JesseUnreal/Content/Collections/' took 0.01s
[2019.01.25-22.07.31:280][  0]LogCollectionManager: Rebuilt the GUID cache for 0 collections in 0.000001 seconds
[2019.01.25-22.07.31:291][  0]LogContentBrowser: Native class hierarchy populated in 0.0091 seconds. Added 2572 classes and 603 folders.
[2019.01.25-22.07.31:304][  0]LogContentBrowser: Native class hierarchy updated for 'WidgetCarousel' in 0.0002 seconds. Added 0 classes and 0 folders.
[2019.01.25-22.07.31:411][  0]LogContentBrowser: Native class hierarchy updated for 'AddContentDialog' in 0.0002 seconds. Added 0 classes and 0 folders.
[2019.01.25-22.07.31:424][  0]LogContentBrowser: Native class hierarchy updated for 'SceneOutliner' in 0.0002 seconds. Added 1 classes and 2 folders.
[2019.01.25-22.07.31:479][  0]LogSlate: Took 0.000222 seconds to synchronously load lazily loaded font '../../../Engine/Content/Slate/Fonts/Roboto-Regular.ttf' (155K)
[2019.01.25-22.07.31:481][  0]LogSlate: Took 0.000161 seconds to synchronously load lazily loaded font '../../../Engine/Content/Slate/Fonts/Roboto-Bold.ttf' (160K)
[2019.01.25-22.07.31:489][  0]LogSlate: Took 0.001505 seconds to synchronously load lazily loaded font '../../../Engine/Content/Editor/Slate/Fonts/FontAwesome.ttf' (139K)
[2019.01.25-22.07.31:657][  0]LogRenderer: Reallocating scene render targets to support 1616x808 Format 10 NumSamples 1 (Frame:1).
[2019.01.25-22.07.31:819][  0]LogSlate: FSceneViewport::OnFocusLost() reason 2
[2019.01.25-22.07.31:832][  0]LogSlate: Window 'Tutorials' being destroyed
[2019.01.25-22.07.31:860][  0]LogContentBrowser: Native class hierarchy updated for 'HierarchicalLODOutliner' in 0.0002 seconds. Added 0 classes and 0 folders.
[2019.01.25-22.07.31:860][  0]LogLoad: (Engine Initialization) Total time: 15.27 seconds
[2019.01.25-22.07.31:860][  0]LogLoad: (Engine Initialization) Total Blueprint compile time: 0.00 seconds
[2019.01.25-22.07.31:888][  0]LogAssetRegistry: Asset discovery search completed in 9.3173 seconds
[2019.01.25-22.07.31:890][  0]LogCollectionManager: Rebuilt the object cache for 0 collections in 0.000001 seconds (found 0 objects)
[2019.01.25-22.07.31:890][  0]LogCollectionManager: Fixed up redirectors for 0 collections in 0.000066 seconds (updated 0 objects)
[2019.01.25-22.07.31:893][  0]LogContentStreaming: Texture pool size now 1000 MB
[2019.01.25-22.07.36:746][423]LogSlate: FSceneViewport::OnFocusLost() reason 0
[2019.01.25-22.07.39:495][733]LogSlate: Took 0.001699 seconds to synchronously load lazily loaded font '../../../Engine/Content/Slate/Fonts/Roboto-Light.ttf' (167K)
[2019.01.25-22.07.39:715][733]LogStaticMesh: Building static mesh mann...
[2019.01.25-22.07.39:817][733]LogStaticMesh: Built static mesh [0.10s] /Game/mann.mann
[2019.01.25-22.07.39:835][733]LogMaterial: Display: Missing cached shader map for material SM_hatMat, compiling. 
[2019.01.25-22.07.39:872][733]LogMaterial: Display: Missing cached shader map for material M_Wbox_JS, compiling. 
[2019.01.25-22.07.39:882][733]LogShaderCompilers: Display: Shaders left to compile 22
[2019.01.25-22.07.39:882][733]LogShaderCompilers: Display: Shaders left to compile 12
[2019.01.25-22.07.39:882][733]LogShaderCompilers: Display: Shaders left to compile 2
[2019.01.25-22.07.39:883][733]LogMaterial: Display: Missing cached shader map for material M_WboxBuilding_JS, compiling. 
[2019.01.25-22.07.39:894][733]LogAIModule: Creating AISystem for world JS_WBStreet1
[2019.01.25-22.07.39:917][733]LogShaderCompilers: Display: Shaders left to compile 44
[2019.01.25-22.07.39:933][733]LogAssetEditorManager: Opening Asset editor for World /Game/JS_WBStreet1.JS_WBStreet1
[2019.01.25-22.07.39:957][733]Cmd: MAP LOAD FILE="../../../../../../Users/u1195248/Documents/GitHub/JS_AssetPipeline/JesseUnreal/Content/JS_WBStreet1.umap" TEMPLATE=0 SHOWPROGRESS=1 FEATURELEVEL=3
[2019.01.25-22.07.39:957][733]LightingResults: New page: Lighting Build
[2019.01.25-22.07.39:958][733]LoadErrors: New page: Loading map: JS_WBStreet1.umap
[2019.01.25-22.07.39:958][733]MapCheck: New page: Map Check
[2019.01.25-22.07.39:958][733]LightingResults: New page: Lighting Build
[2019.01.25-22.07.39:991][733]LogEditorServer: Finished looking for orphan Actors (0.000 secs)
[2019.01.25-22.07.40:025][733]Cmd: MAP CHECKDEP NOCLEARLOG
[2019.01.25-22.07.40:110][733]MapCheck: Map check complete: 0 Error(s), 0 Warning(s), took 84.339ms to complete.
[2019.01.25-22.07.40:110][733]LogFileHelpers: Loading map 'JS_WBStreet1' took 0.153
[2019.01.25-22.07.40:761][790]LogShaderCompilers: Display: Shaders left to compile 34
[2019.01.25-22.07.42:134][946]LogShaderCompilers: Display: Shaders left to compile 24
[2019.01.25-22.07.42:206][954]LogShaderCompilers: Display: Shaders left to compile 14
[2019.01.25-22.07.43:326][ 79]LogShaderCompilers: Display: Shaders left to compile 4
[2019.01.25-22.08.01:479][228]LogSlate: FSceneViewport::OnFocusLost() reason 0
[2019.01.25-22.08.05:765][734]LogActorFactory: Actor Factory created Cube
[2019.01.25-22.08.06:392][805]LogActorFactory: Actor Factory created Cube
[2019.01.25-22.08.08:776][ 59]LogSlate: FSceneViewport::OnFocusLost() reason 0
[2019.01.25-22.08.20:906][482]Cmd: DELETE
[2019.01.25-22.08.20:906][482]Cmd: ACTOR DELETE
[2019.01.25-22.08.20:920][482]LogEditorActor: Deleted Actor: StaticMeshActor
[2019.01.25-22.08.20:938][482]LogEditorActor: Deleted 1 Actors (0.031 secs)
[2019.01.25-22.08.25:725][ 46]Cmd: BRUSH ADD SELECTNEWBRUSH
[2019.01.25-22.08.27:045][186]LogSlate: FSceneViewport::OnFocusLost() reason 0
[2019.01.25-22.09.30:856][513]LogSlate: FSceneViewport::OnFocusLost() reason 0
[2019.01.25-22.09.45:393][556]LogSlate: FSceneViewport::OnFocusLost() reason 0
[2019.01.25-22.10.05:486][819]LogSlate: FSceneViewport::OnFocusLost() reason 0
[2019.01.25-22.10.30:675][435]LogSlate: FSceneViewport::OnFocusLost() reason 0
[2019.01.25-22.11.01:720][955]LogSlate: FSceneViewport::OnFocusLost() reason 0
[2019.01.25-22.12.02:534][505]LogSlate: FSceneViewport::OnFocusLost() reason 0
[2019.01.25-22.12.09:446][326]LogSlate: FSceneViewport::OnFocusLost() reason 0
[2019.01.25-22.12.26:026][192]LogSlate: FSceneViewport::OnFocusLost() reason 2
[2019.01.25-22.12.29:399][591]LogSlate: FSceneViewport::OnFocusLost() reason 2
[2019.01.25-22.12.30:157][591]LogSavePackage: Moving '../../../../../../Users/u1195248/Documents/GitHub/JS_AssetPipeline/JesseUnreal/Saved/JS_WBStreet1DCA230B147A920634FD29592422CB781.tmp' to '../../../../../../Users/u1195248/Documents/GitHub/JS_AssetPipeline/JesseUnreal/Content/JS_WBStreet1.umap'
[2019.01.25-22.12.30:198][591]LogFileHelpers: Saving map 'JS_WBStreet1' took 0.790
[2019.01.25-22.12.33:327][947]LogSlate: FSceneViewport::OnFocusLost() reason 0
[2019.01.25-22.12.35:518][205]Cmd: BRUSH ADD SELECTNEWBRUSH
[2019.01.25-22.12.41:322][878]LogSlate: FSceneViewport::OnFocusLost() reason 0
[2019.01.25-22.12.59:613][834]LogSlate: FSceneViewport::OnFocusLost() reason 0
[2019.01.25-22.13.15:234][620]LogSlate: FSceneViewport::OnFocusLost() reason 0
[2019.01.25-22.13.28:715][117]LogSlate: FSceneViewport::OnFocusLost() reason 0
[2019.01.25-22.13.40:176][397]LogSlate: FSceneViewport::OnFocusLost() reason 0
[2019.01.25-22.14.08:042][692]Cmd: TRANSACTION UNDO
[2019.01.25-22.14.08:042][692]LogEditorTransaction: Undo Move Actors
[2019.01.25-22.14.08:173][692]LogActorComponent: ~FComponentReregisterContext: (/Game/JS_WBStreet1.JS_WBStreet1:PersistentLevel.Brush_SW_35.BrushComponent0) Component already registered.
[2019.01.25-22.14.08:173][692]LogActorComponent: ~FComponentReregisterContext: (/Game/JS_WBStreet1.JS_WBStreet1:PersistentLevel.Brush_ST_83.BrushComponent0) Component already registered.
[2019.01.25-22.14.08:174][692]LogActorComponent: ~FComponentReregisterContext: (/Game/JS_WBStreet1.JS_WBStreet1:PersistentLevel.Brush_ST_80.BrushComponent0) Component already registered.
[2019.01.25-22.14.08:174][692]LogActorComponent: ~FComponentReregisterContext: (/Game/JS_WBStreet1.JS_WBStreet1:PersistentLevel.Brush_SW_29.BrushComponent0) Component already registered.
[2019.01.25-22.14.08:174][692]LogActorComponent: ~FComponentReregisterContext: (/Game/JS_WBStreet1.JS_WBStreet1:PersistentLevel.Brush_Grass_12.BrushComponent0) Component already registered.
[2019.01.25-22.14.08:175][692]LogActorComponent: ~FComponentReregisterContext: (/Game/JS_WBStreet1.JS_WBStreet1:PersistentLevel.Brush_Grass_16.BrushComponent0) Component already registered.
[2019.01.25-22.14.08:176][692]LogActorComponent: ~FComponentReregisterContext: (/Game/JS_WBStreet1.JS_WBStreet1:PersistentLevel.Brush_ST_102.BrushComponent0) Component already registered.
[2019.01.25-22.14.08:176][692]LogActorComponent: ~FComponentReregisterContext: (/Game/JS_WBStreet1.JS_WBStreet1:PersistentLevel.Brush_SW_48.BrushComponent0) Component already registered.
[2019.01.25-22.14.08:176][692]LogActorComponent: ~FComponentReregisterContext: (/Game/JS_WBStreet1.JS_WBStreet1:PersistentLevel.Brush_ST_112.BrushComponent0) Component already registered.
[2019.01.25-22.14.08:177][692]LogActorComponent: ~FComponentReregisterContext: (/Game/JS_WBStreet1.JS_WBStreet1:PersistentLevel.Brush_ST_92.BrushComponent0) Component already registered.
[2019.01.25-22.14.08:177][692]LogActorComponent: ~FComponentReregisterContext: (/Game/JS_WBStreet1.JS_WBStreet1:PersistentLevel.Brush_SW_40.BrushComponent0) Component already registered.
[2019.01.25-22.14.08:178][692]LogActorComponent: ~FComponentReregisterContext: (/Game/JS_WBStreet1.JS_WBStreet1:PersistentLevel.Brush_ST_94.BrushComponent0) Component already registered.
[2019.01.25-22.14.08:179][692]LogActorComponent: ~FComponentReregisterContext: (/Game/JS_WBStreet1.JS_WBStreet1:PersistentLevel.Brush_ST_25.BrushComponent0) Component already registered.
[2019.01.25-22.14.08:179][692]LogActorComponent: ~FComponentReregisterContext: (/Game/JS_WBStreet1.JS_WBStreet1:PersistentLevel.Brush_SW_1.BrushComponent0) Component already registered.
[2019.01.25-22.14.08:180][692]LogActorComponent: ~FComponentReregisterContext: (/Game/JS_WBStreet1.JS_WBStreet1:PersistentLevel.Brush_ST_31.BrushComponent0) Component already registered.
[2019.01.25-22.14.08:180][692]LogActorComponent: ~FComponentReregisterContext: (/Game/JS_WBStreet1.JS_WBStreet1:PersistentLevel.Brush_ST_1.BrushComponent0) Component already registered.
[2019.01.25-22.14.08:196][692]LogActorComponent: ~FComponentReregisterContext: (/Game/JS_WBStreet1.JS_WBStreet1:PersistentLevel.Brush_ST_6.BrushComponent0) Component already registered.
[2019.01.25-22.14.08:196][692]LogActorComponent: ~FComponentReregisterContext: (/Game/JS_WBStreet1.JS_WBStreet1:PersistentLevel.Brush_ST_46.BrushComponent0) Component already registered.
[2019.01.25-22.14.08:197][692]LogActorComponent: ~FComponentReregisterContext: (/Game/JS_WBStreet1.JS_WBStreet1:PersistentLevel.Brush_ST_54.BrushComponent0) Component already registered.
[2019.01.25-22.14.08:197][692]LogActorComponent: ~FComponentReregisterContext: (/Game/JS_WBStreet1.JS_WBStreet1:PersistentLevel.Brush_ST_52.BrushComponent0) Component already registered.
[2019.01.25-22.14.08:198][692]LogActorComponent: ~FComponentReregisterContext: (/Game/JS_WBStreet1.JS_WBStreet1:PersistentLevel.Brush_SW_73.BrushComponent0) Component already registered.
[2019.01.25-22.14.08:198][692]LogActorComponent: ~FComponentReregisterContext: (/Game/JS_WBStreet1.JS_WBStreet1:PersistentLevel.Brush_SW_7.BrushComponent0) Component already registered.
[2019.01.25-22.14.08:199][692]LogActorComponent: ~FComponentReregisterContext: (/Game/JS_WBStreet1.JS_WBStreet1:PersistentLevel.Brush_SW_20.BrushComponent0) Component already registered.
[2019.01.25-22.14.08:199][692]LogActorComponent: ~FComponentReregisterContext: (/Game/JS_WBStreet1.JS_WBStreet1:PersistentLevel.Brush_Grass_65.BrushComponent0) Component already registered.
[2019.01.25-22.14.08:200][692]LogActorComponent: ~FComponentReregisterContext: (/Game/JS_WBStreet1.JS_WBStreet1:PersistentLevel.Brush_ST_189.BrushComponent0) Component already registered.
[2019.01.25-22.14.08:200][692]LogActorComponent: ~FComponentReregisterContext: (/Game/JS_WBStreet1.JS_WBStreet1:PersistentLevel.Brush_Wall_3.BrushComponent0) Component already registered.
[2019.01.25-22.14.08:201][692]LogActorComponent: ~FComponentReregisterContext: (/Game/JS_WBStreet1.JS_WBStreet1:PersistentLevel.Brush_SW_75.BrushComponent0) Component already registered.
[2019.01.25-22.14.08:201][692]LogActorComponent: ~FComponentReregisterContext: (/Game/JS_WBStreet1.JS_WBStreet1:PersistentLevel.Brush_ST_186.BrushComponent0) Component already registered.
[2019.01.25-22.14.08:202][692]LogActorComponent: ~FComponentReregisterContext: (/Game/JS_WBStreet1.JS_WBStreet1:PersistentLevel.Brush_SW_78.BrushComponent0) Component already registered.
[2019.01.25-22.14.08:202][692]LogActorComponent: ~FComponentReregisterContext: (/Game/JS_WBStreet1.JS_WBStreet1:PersistentLevel.Brush_Wall_44.BrushComponent0) Component already registered.
[2019.01.25-22.14.08:202][692]LogActorComponent: ~FComponentReregisterContext: (/Game/JS_WBStreet1.JS_WBStreet1:PersistentLevel.Brush_Wall_37.BrushComponent0) Component already registered.
[2019.01.25-22.14.08:203][692]LogActorComponent: ~FComponentReregisterContext: (/Game/JS_WBStreet1.JS_WBStreet1:PersistentLevel.Brush_Wall_67.BrushComponent0) Component already registered.
[2019.01.25-22.14.08:204][692]LogActorComponent: ~FComponentReregisterContext: (/Game/JS_WBStreet1.JS_WBStreet1:PersistentLevel.Brush_Wall_18.BrushComponent0) Component already registered.
[2019.01.25-22.14.08:205][692]LogActorComponent: ~FComponentReregisterContext: (/Game/JS_WBStreet1.JS_WBStreet1:PersistentLevel.Brush_Wall_31.BrushComponent0) Component already registered.
[2019.01.25-22.14.08:205][692]LogActorComponent: ~FComponentReregisterContext: (/Game/JS_WBStreet1.JS_WBStreet1:PersistentLevel.Brush_Wall_24.BrushComponent0) Component already registered.
[2019.01.25-22.14.08:205][692]LogActorComponent: ~FComponentReregisterContext: (/Game/JS_WBStreet1.JS_WBStreet1:PersistentLevel.Brush_ST_135.BrushComponent0) Component already registered.
[2019.01.25-22.14.08:206][692]LogActorComponent: ~FComponentReregisterContext: (/Game/JS_WBStreet1.JS_WBStreet1:PersistentLevel.Brush_SW_62.BrushComponent0) Component already registered.
[2019.01.25-22.14.08:206][692]LogActorComponent: ~FComponentReregisterContext: (/Game/JS_WBStreet1.JS_WBStreet1:PersistentLevel.Brush_Grass_44.BrushComponent0) Component already registered.
[2019.01.25-22.14.08:207][692]LogActorComponent: ~FComponentReregisterContext: (/Game/JS_WBStreet1.JS_WBStreet1:PersistentLevel.Brush_ST_120.BrushComponent0) Component already registered.
[2019.01.25-22.14.08:207][692]LogActorComponent: ~FComponentReregisterContext: (/Game/JS_WBStreet1.JS_WBStreet1:PersistentLevel.Brush_SW_51.BrushComponent0) Component already registered.
[2019.01.25-22.14.08:208][692]LogActorComponent: ~FComponentReregisterContext: (/Game/JS_WBStreet1.JS_WBStreet1:PersistentLevel.Brush_SW_55.BrushComponent0) Component already registered.
[2019.01.25-22.14.08:209][692]LogActorComponent: ~FComponentReregisterContext: (/Game/JS_WBStreet1.JS_WBStreet1:PersistentLevel.Brush_ST_159.BrushComponent0) Component already registered.
[2019.01.25-22.14.08:209][692]LogActorComponent: ~FComponentReregisterContext: (/Game/JS_WBStreet1.JS_WBStreet1:PersistentLevel.Brush_ST_166.BrushComponent0) Component already registered.
[2019.01.25-22.14.08:209][692]LogActorComponent: ~FComponentReregisterContext: (/Game/JS_WBStreet1.JS_WBStreet1:PersistentLevel.Brush_ST_169.BrushComponent0) Component already registered.
[2019.01.25-22.14.08:210][692]LogActorComponent: ~FComponentReregisterContext: (/Game/JS_WBStreet1.JS_WBStreet1:PersistentLevel.Brush_ST_149.BrushComponent0) Component already registered.
[2019.01.25-22.14.08:211][692]LogActorComponent: ~FComponentReregisterContext: (/Game/JS_WBStreet1.JS_WBStreet1:PersistentLevel.Brush_ST_146.BrushComponent0) Component already registered.
[2019.01.25-22.14.08:211][692]LogActorComponent: ~FComponentReregisterContext: (/Game/JS_WBStreet1.JS_WBStreet1:PersistentLevel.Brush_Grass_49.BrushComponent0) Component already registered.
[2019.01.25-22.14.10:422][946]Cmd: EDIT COPY
[2019.01.25-22.14.12:923][208]Cmd: TRANSACTION UNDO
[2019.01.25-22.14.12:923][208]LogEditorTransaction: Undo Move Actors
[2019.01.25-22.14.13:051][208]LogActorComponent: ~FComponentReregisterContext: (/Game/JS_WBStreet1.JS_WBStreet1:PersistentLevel.Brush_SW_35.BrushComponent0) Component already registered.
[2019.01.25-22.14.13:052][208]LogActorComponent: ~FComponentReregisterContext: (/Game/JS_WBStreet1.JS_WBStreet1:PersistentLevel.Brush_ST_83.BrushComponent0) Component already registered.
[2019.01.25-22.14.13:052][208]LogActorComponent: ~FComponentReregisterContext: (/Game/JS_WBStreet1.JS_WBStreet1:PersistentLevel.Brush_ST_80.BrushComponent0) Component already registered.
[2019.01.25-22.14.13:053][208]LogActorComponent: ~FComponentReregisterContext: (/Game/JS_WBStreet1.JS_WBStreet1:PersistentLevel.Brush_SW_29.BrushComponent0) Component already registered.
[2019.01.25-22.14.13:053][208]LogActorComponent: ~FComponentReregisterContext: (/Game/JS_WBStreet1.JS_WBStreet1:PersistentLevel.Brush_Grass_12.BrushComponent0) Component already registered.
[2019.01.25-22.14.13:053][208]LogActorComponent: ~FComponentReregisterContext: (/Game/JS_WBStreet1.JS_WBStreet1:PersistentLevel.Brush_Grass_16.BrushComponent0) Component already registered.
[2019.01.25-22.14.13:054][208]LogActorComponent: ~FComponentReregisterContext: (/Game/JS_WBStreet1.JS_WBStreet1:PersistentLevel.Brush_ST_102.BrushComponent0) Component already registered.
[2019.01.25-22.14.13:054][208]LogActorComponent: ~FComponentReregisterContext: (/Game/JS_WBStreet1.JS_WBStreet1:PersistentLevel.Brush_SW_48.BrushComponent0) Component already registered.
[2019.01.25-22.14.13:055][208]LogActorComponent: ~FComponentReregisterContext: (/Game/JS_WBStreet1.JS_WBStreet1:PersistentLevel.Brush_ST_112.BrushComponent0) Component already registered.
[2019.01.25-22.14.13:056][208]LogActorComponent: ~FComponentReregisterContext: (/Game/JS_WBStreet1.JS_WBStreet1:PersistentLevel.Brush_ST_92.BrushComponent0) Component already registered.
[2019.01.25-22.14.13:056][208]LogActorComponent: ~FComponentReregisterContext: (/Game/JS_WBStreet1.JS_WBStreet1:PersistentLevel.Brush_SW_40.BrushComponent0) Component already registered.
[2019.01.25-22.14.13:056][208]LogActorComponent: ~FComponentReregisterContext: (/Game/JS_WBStreet1.JS_WBStreet1:PersistentLevel.Brush_ST_94.BrushComponent0) Component already registered.
[2019.01.25-22.14.13:057][208]LogActorComponent: ~FComponentReregisterContext: (/Game/JS_WBStreet1.JS_WBStreet1:PersistentLevel.Brush_ST_25.BrushComponent0) Component already registered.
[2019.01.25-22.14.13:058][208]LogActorComponent: ~FComponentReregisterContext: (/Game/JS_WBStreet1.JS_WBStreet1:PersistentLevel.Brush_SW_1.BrushComponent0) Component already registered.
[2019.01.25-22.14.13:058][208]LogActorComponent: ~FComponentReregisterContext: (/Game/JS_WBStreet1.JS_WBStreet1:PersistentLevel.Brush_ST_31.BrushComponent0) Component already registered.
[2019.01.25-22.14.13:059][208]LogActorComponent: ~FComponentReregisterContext: (/Game/JS_WBStreet1.JS_WBStreet1:PersistentLevel.Brush_ST_1.BrushComponent0) Component already registered.
[2019.01.25-22.14.13:070][208]LogActorComponent: ~FComponentReregisterContext: (/Game/JS_WBStreet1.JS_WBStreet1:PersistentLevel.Brush_ST_6.BrushComponent0) Component already registered.
[2019.01.25-22.14.13:070][208]LogActorComponent: ~FComponentReregisterContext: (/Game/JS_WBStreet1.JS_WBStreet1:PersistentLevel.Brush_ST_46.BrushComponent0) Component already registered.
[2019.01.25-22.14.13:071][208]LogActorComponent: ~FComponentReregisterContext: (/Game/JS_WBStreet1.JS_WBStreet1:PersistentLevel.Brush_ST_54.BrushComponent0) Component already registered.
[2019.01.25-22.14.13:071][208]LogActorComponent: ~FComponentReregisterContext: (/Game/JS_WBStreet1.JS_WBStreet1:PersistentLevel.Brush_ST_52.BrushComponent0) Component already registered.
[2019.01.25-22.14.13:072][208]LogActorComponent: ~FComponentReregisterContext: (/Game/JS_WBStreet1.JS_WBStreet1:PersistentLevel.Brush_SW_73.BrushComponent0) Component already registered.
[2019.01.25-22.14.13:072][208]LogActorComponent: ~FComponentReregisterContext: (/Game/JS_WBStreet1.JS_WBStreet1:PersistentLevel.Brush_SW_7.BrushComponent0) Component already registered.
[2019.01.25-22.14.13:073][208]LogActorComponent: ~FComponentReregisterContext: (/Game/JS_WBStreet1.JS_WBStreet1:PersistentLevel.Brush_SW_20.BrushComponent0) Component already registered.
[2019.01.25-22.14.13:073][208]LogActorComponent: ~FComponentReregisterContext: (/Game/JS_WBStreet1.JS_WBStreet1:PersistentLevel.Brush_Grass_65.BrushComponent0) Component already registered.
[2019.01.25-22.14.13:074][208]LogActorComponent: ~FComponentReregisterContext: (/Game/JS_WBStreet1.JS_WBStreet1:PersistentLevel.Brush_ST_189.BrushComponent0) Component already registered.
[2019.01.25-22.14.13:074][208]LogActorComponent: ~FComponentReregisterContext: (/Game/JS_WBStreet1.JS_WBStreet1:PersistentLevel.Brush_Wall_3.BrushComponent0) Component already registered.
[2019.01.25-22.14.13:075][208]LogActorComponent: ~FComponentReregisterContext: (/Game/JS_WBStreet1.JS_WBStreet1:PersistentLevel.Brush_SW_75.BrushComponent0) Component already registered.
[2019.01.25-22.14.13:075][208]LogActorComponent: ~FComponentReregisterContext: (/Game/JS_WBStreet1.JS_WBStreet1:PersistentLevel.Brush_ST_186.BrushComponent0) Component already registered.
[2019.01.25-22.14.13:076][208]LogActorComponent: ~FComponentReregisterContext: (/Game/JS_WBStreet1.JS_WBStreet1:PersistentLevel.Brush_SW_78.BrushComponent0) Component already registered.
[2019.01.25-22.14.13:076][208]LogActorComponent: ~FComponentReregisterContext: (/Game/JS_WBStreet1.JS_WBStreet1:PersistentLevel.Brush_Wall_44.BrushComponent0) Component already registered.
[2019.01.25-22.14.13:076][208]LogActorComponent: ~FComponentReregisterContext: (/Game/JS_WBStreet1.JS_WBStreet1:PersistentLevel.Brush_Wall_37.BrushComponent0) Component already registered.
[2019.01.25-22.14.13:077][208]LogActorComponent: ~FComponentReregisterContext: (/Game/JS_WBStreet1.JS_WBStreet1:PersistentLevel.Brush_Wall_67.BrushComponent0) Component already registered.
[2019.01.25-22.14.13:078][208]LogActorComponent: ~FComponentReregisterContext: (/Game/JS_WBStreet1.JS_WBStreet1:PersistentLevel.Brush_Wall_18.BrushComponent0) Component already registered.
[2019.01.25-22.14.13:079][208]LogActorComponent: ~FComponentReregisterContext: (/Game/JS_WBStreet1.JS_WBStreet1:PersistentLevel.Brush_Wall_31.BrushComponent0) Component already registered.
[2019.01.25-22.14.13:079][208]LogActorComponent: ~FComponentReregisterContext: (/Game/JS_WBStreet1.JS_WBStreet1:PersistentLevel.Brush_Wall_24.BrushComponent0) Component already registered.
[2019.01.25-22.14.13:079][208]LogActorComponent: ~FComponentReregisterContext: (/Game/JS_WBStreet1.JS_WBStreet1:PersistentLevel.Brush_ST_135.BrushComponent0) Component already registered.
[2019.01.25-22.14.13:080][208]LogActorComponent: ~FComponentReregisterContext: (/Game/JS_WBStreet1.JS_WBStreet1:PersistentLevel.Brush_SW_62.BrushComponent0) Component already registered.
[2019.01.25-22.14.13:080][208]LogActorComponent: ~FComponentReregisterContext: (/Game/JS_WBStreet1.JS_WBStreet1:PersistentLevel.Brush_Grass_44.BrushComponent0) Component already registered.
[2019.01.25-22.14.13:081][208]LogActorComponent: ~FComponentReregisterContext: (/Game/JS_WBStreet1.JS_WBStreet1:PersistentLevel.Brush_ST_120.BrushComponent0) Component already registered.
[2019.01.25-22.14.13:081][208]LogActorComponent: ~FComponentReregisterContext: (/Game/JS_WBStreet1.JS_WBStreet1:PersistentLevel.Brush_SW_51.BrushComponent0) Component already registered.
[2019.01.25-22.14.13:081][208]LogActorComponent: ~FComponentReregisterContext: (/Game/JS_WBStreet1.JS_WBStreet1:PersistentLevel.Brush_SW_55.BrushComponent0) Component already registered.
[2019.01.25-22.14.13:083][208]LogActorComponent: ~FComponentReregisterContext: (/Game/JS_WBStreet1.JS_WBStreet1:PersistentLevel.Brush_ST_159.BrushComponent0) Component already registered.
[2019.01.25-22.14.13:083][208]LogActorComponent: ~FComponentReregisterContext: (/Game/JS_WBStreet1.JS_WBStreet1:PersistentLevel.Brush_ST_166.BrushComponent0) Component already registered.
[2019.01.25-22.14.13:083][208]LogActorComponent: ~FComponentReregisterContext: (/Game/JS_WBStreet1.JS_WBStreet1:PersistentLevel.Brush_ST_169.BrushComponent0) Component already registered.
[2019.01.25-22.14.13:084][208]LogActorComponent: ~FComponentReregisterContext: (/Game/JS_WBStreet1.JS_WBStreet1:PersistentLevel.Brush_ST_149.BrushComponent0) Component already registered.
[2019.01.25-22.14.13:084][208]LogActorComponent: ~FComponentReregisterContext: (/Game/JS_WBStreet1.JS_WBStreet1:PersistentLevel.Brush_ST_146.BrushComponent0) Component already registered.
[2019.01.25-22.14.13:085][208]LogActorComponent: ~FComponentReregisterContext: (/Game/JS_WBStreet1.JS_WBStreet1:PersistentLevel.Brush_Grass_49.BrushComponent0) Component already registered.
[2019.01.25-22.14.19:556][936]Cmd: TRANSACTION UNDO
[2019.01.25-22.14.19:556][936]LogEditorTransaction: Undo Move Actors
[2019.01.25-22.14.19:687][936]LogActorComponent: ~FComponentReregisterContext: (/Game/JS_WBStreet1.JS_WBStreet1:PersistentLevel.Brush_SW_35.BrushComponent0) Component already registered.
[2019.01.25-22.14.19:687][936]LogActorComponent: ~FComponentReregisterContext: (/Game/JS_WBStreet1.JS_WBStreet1:PersistentLevel.Brush_ST_83.BrushComponent0) Component already registered.
[2019.01.25-22.14.19:688][936]LogActorComponent: ~FComponentReregisterContext: (/Game/JS_WBStreet1.JS_WBStreet1:PersistentLevel.Brush_ST_80.BrushComponent0) Component already registered.
[2019.01.25-22.14.19:688][936]LogActorComponent: ~FComponentReregisterContext: (/Game/JS_WBStreet1.JS_WBStreet1:PersistentLevel.Brush_SW_29.BrushComponent0) Component already registered.
[2019.01.25-22.14.19:689][936]LogActorComponent: ~FComponentReregisterContext: (/Game/JS_WBStreet1.JS_WBStreet1:PersistentLevel.Brush_Grass_12.BrushComponent0) Component already registered.
[2019.01.25-22.14.19:689][936]LogActorComponent: ~FComponentReregisterContext: (/Game/JS_WBStreet1.JS_WBStreet1:PersistentLevel.Brush_Grass_16.BrushComponent0) Component already registered.
[2019.01.25-22.14.19:690][936]LogActorComponent: ~FComponentReregisterContext: (/Game/JS_WBStreet1.JS_WBStreet1:PersistentLevel.Brush_ST_102.BrushComponent0) Component already registered.
[2019.01.25-22.14.19:690][936]LogActorComponent: ~FComponentReregisterContext: (/Game/JS_WBStreet1.JS_WBStreet1:PersistentLevel.Brush_SW_48.BrushComponent0) Component already registered.
[2019.01.25-22.14.19:690][936]LogActorComponent: ~FComponentReregisterContext: (/Game/JS_WBStreet1.JS_WBStreet1:PersistentLevel.Brush_ST_112.BrushComponent0) Component already registered.
[2019.01.25-22.14.19:691][936]LogActorComponent: ~FComponentReregisterContext: (/Game/JS_WBStreet1.JS_WBStreet1:PersistentLevel.Brush_ST_92.BrushComponent0) Component already registered.
[2019.01.25-22.14.19:692][936]LogActorComponent: ~FComponentReregisterContext: (/Game/JS_WBStreet1.JS_WBStreet1:PersistentLevel.Brush_SW_40.BrushComponent0) Component already registered.
[2019.01.25-22.14.19:692][936]LogActorComponent: ~FComponentReregisterContext: (/Game/JS_WBStreet1.JS_WBStreet1:PersistentLevel.Brush_ST_94.BrushComponent0) Component already registered.
[2019.01.25-22.14.19:693][936]LogActorComponent: ~FComponentReregisterContext: (/Game/JS_WBStreet1.JS_WBStreet1:PersistentLevel.Brush_ST_25.BrushComponent0) Component already registered.
[2019.01.25-22.14.19:694][936]LogActorComponent: ~FComponentReregisterContext: (/Game/JS_WBStreet1.JS_WBStreet1:PersistentLevel.Brush_SW_1.BrushComponent0) Component already registered.
[2019.01.25-22.14.19:694][936]LogActorComponent: ~FComponentReregisterContext: (/Game/JS_WBStreet1.JS_WBStreet1:PersistentLevel.Brush_ST_31.BrushComponent0) Component already registered.
[2019.01.25-22.14.19:694][936]LogActorComponent: ~FComponentReregisterContext: (/Game/JS_WBStreet1.JS_WBStreet1:PersistentLevel.Brush_ST_1.BrushComponent0) Component already registered.
[2019.01.25-22.14.19:705][936]LogActorComponent: ~FComponentReregisterContext: (/Game/JS_WBStreet1.JS_WBStreet1:PersistentLevel.Brush_ST_6.BrushComponent0) Component already registered.
[2019.01.25-22.14.19:706][936]LogActorComponent: ~FComponentReregisterContext: (/Game/JS_WBStreet1.JS_WBStreet1:PersistentLevel.Brush_ST_46.BrushComponent0) Component already registered.
[2019.01.25-22.14.19:706][936]LogActorComponent: ~FComponentReregisterContext: (/Game/JS_WBStreet1.JS_WBStreet1:PersistentLevel.Brush_ST_54.BrushComponent0) Component already registered.
[2019.01.25-22.14.19:707][936]LogActorComponent: ~FComponentReregisterContext: (/Game/JS_WBStreet1.JS_WBStreet1:PersistentLevel.Brush_ST_52.BrushComponent0) Component already registered.
[2019.01.25-22.14.19:708][936]LogActorComponent: ~FComponentReregisterContext: (/Game/JS_WBStreet1.JS_WBStreet1:PersistentLevel.Brush_SW_73.BrushComponent0) Component already registered.
[2019.01.25-22.14.19:708][936]LogActorComponent: ~FComponentReregisterContext: (/Game/JS_WBStreet1.JS_WBStreet1:PersistentLevel.Brush_SW_7.BrushComponent0) Component already registered.
[2019.01.25-22.14.19:708][936]LogActorComponent: ~FComponentReregisterContext: (/Game/JS_WBStreet1.JS_WBStreet1:PersistentLevel.Brush_SW_20.BrushComponent0) Component already registered.
[2019.01.25-22.14.19:709][936]LogActorComponent: ~FComponentReregisterContext: (/Game/JS_WBStreet1.JS_WBStreet1:PersistentLevel.Brush_Grass_65.BrushComponent0) Component already registered.
[2019.01.25-22.14.19:710][936]LogActorComponent: ~FComponentReregisterContext: (/Game/JS_WBStreet1.JS_WBStreet1:PersistentLevel.Brush_ST_189.BrushComponent0) Component already registered.
[2019.01.25-22.14.19:710][936]LogActorComponent: ~FComponentReregisterContext: (/Game/JS_WBStreet1.JS_WBStreet1:PersistentLevel.Brush_Wall_3.BrushComponent0) Component already registered.
[2019.01.25-22.14.19:710][936]LogActorComponent: ~FComponentReregisterContext: (/Game/JS_WBStreet1.JS_WBStreet1:PersistentLevel.Brush_SW_75.BrushComponent0) Component already registered.
[2019.01.25-22.14.19:711][936]LogActorComponent: ~FComponentReregisterContext: (/Game/JS_WBStreet1.JS_WBStreet1:PersistentLevel.Brush_ST_186.BrushComponent0) Component already registered.
[2019.01.25-22.14.19:712][936]LogActorComponent: ~FComponentReregisterContext: (/Game/JS_WBStreet1.JS_WBStreet1:PersistentLevel.Brush_SW_78.BrushComponent0) Component already registered.
[2019.01.25-22.14.19:712][936]LogActorComponent: ~FComponentReregisterContext: (/Game/JS_WBStreet1.JS_WBStreet1:PersistentLevel.Brush_Wall_44.BrushComponent0) Component already registered.
[2019.01.25-22.14.19:712][936]LogActorComponent: ~FComponentReregisterContext: (/Game/JS_WBStreet1.JS_WBStreet1:PersistentLevel.Brush_Wall_37.BrushComponent0) Component already registered.
[2019.01.25-22.14.19:713][936]LogActorComponent: ~FComponentReregisterContext: (/Game/JS_WBStreet1.JS_WBStreet1:PersistentLevel.Brush_Wall_67.BrushComponent0) Component already registered.
[2019.01.25-22.14.19:714][936]LogActorComponent: ~FComponentReregisterContext: (/Game/JS_WBStreet1.JS_WBStreet1:PersistentLevel.Brush_Wall_18.BrushComponent0) Component already registered.
[2019.01.25-22.14.19:715][936]LogActorComponent: ~FComponentReregisterContext: (/Game/JS_WBStreet1.JS_WBStreet1:PersistentLevel.Brush_Wall_31.BrushComponent0) Component already registered.
[2019.01.25-22.14.19:715][936]LogActorComponent: ~FComponentReregisterContext: (/Game/JS_WBStreet1.JS_WBStreet1:PersistentLevel.Brush_Wall_24.BrushComponent0) Component already registered.
[2019.01.25-22.14.19:717][936]LogActorComponent: ~FComponentReregisterContext: (/Game/JS_WBStreet1.JS_WBStreet1:PersistentLevel.Brush_ST_135.BrushComponent0) Component already registered.
[2019.01.25-22.14.19:718][936]LogActorComponent: ~FComponentReregisterContext: (/Game/JS_WBStreet1.JS_WBStreet1:PersistentLevel.Brush_SW_62.BrushComponent0) Component already registered.
[2019.01.25-22.14.19:718][936]LogActorComponent: ~FComponentReregisterContext: (/Game/JS_WBStreet1.JS_WBStreet1:PersistentLevel.Brush_Grass_44.BrushComponent0) Component already registered.
[2019.01.25-22.14.19:719][936]LogActorComponent: ~FComponentReregisterContext: (/Game/JS_WBStreet1.JS_WBStreet1:PersistentLevel.Brush_ST_120.BrushComponent0) Component already registered.
[2019.01.25-22.14.19:720][936]LogActorComponent: ~FComponentReregisterContext: (/Game/JS_WBStreet1.JS_WBStreet1:PersistentLevel.Brush_SW_51.BrushComponent0) Component already registered.
[2019.01.25-22.14.19:720][936]LogActorComponent: ~FComponentReregisterContext: (/Game/JS_WBStreet1.JS_WBStreet1:PersistentLevel.Brush_SW_55.BrushComponent0) Component already registered.
[2019.01.25-22.14.19:722][936]LogActorComponent: ~FComponentReregisterContext: (/Game/JS_WBStreet1.JS_WBStreet1:PersistentLevel.Brush_ST_159.BrushComponent0) Component already registered.
[2019.01.25-22.14.19:722][936]LogActorComponent: ~FComponentReregisterContext: (/Game/JS_WBStreet1.JS_WBStreet1:PersistentLevel.Brush_ST_166.BrushComponent0) Component already registered.
[2019.01.25-22.14.19:723][936]LogActorComponent: ~FComponentReregisterContext: (/Game/JS_WBStreet1.JS_WBStreet1:PersistentLevel.Brush_ST_169.BrushComponent0) Component already registered.
[2019.01.25-22.14.19:723][936]LogActorComponent: ~FComponentReregisterContext: (/Game/JS_WBStreet1.JS_WBStreet1:PersistentLevel.Brush_ST_149.BrushComponent0) Component already registered.
[2019.01.25-22.14.19:724][936]LogActorComponent: ~FComponentReregisterContext: (/Game/JS_WBStreet1.JS_WBStreet1:PersistentLevel.Brush_ST_146.BrushComponent0) Component already registered.
[2019.01.25-22.14.19:724][936]LogActorComponent: ~FComponentReregisterContext: (/Game/JS_WBStreet1.JS_WBStreet1:PersistentLevel.Brush_Grass_49.BrushComponent0) Component already registered.
[2019.01.25-22.15.34:074][480]Cmd: EDIT COPY
[2019.01.25-22.15.35:558][658]Cmd: EDIT PASTE
[2019.01.25-22.16.22:548][943]LogSlate: FSceneViewport::OnFocusLost() reason 0
[2019.01.25-22.17.07:956][225]LogSlate: FSceneViewport::OnFocusLost() reason 0
[2019.01.25-22.17.09:719][431]Cmd: BRUSH ADD SELECTNEWBRUSH
[2019.01.25-22.17.13:486][867]LogSlate: FSceneViewport::OnFocusLost() reason 0
[2019.01.25-22.17.25:665][160]Cmd: DELETE
[2019.01.25-22.17.25:665][160]Cmd: ACTOR DELETE
[2019.01.25-22.17.25:700][160]LogEditorActor: Deleted Actor: Brush
[2019.01.25-22.17.25:915][160]LogEditorActor: Deleted 1 Actors (0.251 secs)
[2019.01.25-22.17.28:884][494]LogSlate: FSceneViewport::OnFocusLost() reason 0
[2019.01.25-22.17.30:228][651]Cmd: BRUSH ADD SELECTNEWBRUSH
[2019.01.25-22.17.31:620][805]LogSlate: FSceneViewport::OnFocusLost() reason 0
[2019.01.25-22.18.08:359][759]LogSlate: FSceneViewport::OnFocusLost() reason 0
[2019.01.25-22.18.23:613][511]LogSlate: FSceneViewport::OnFocusLost() reason 0
[2019.01.25-22.18.36:140][715]LogSlate: FSceneViewport::OnFocusLost() reason 0
[2019.01.25-22.18.51:814][299]LogSlate: FSceneViewport::OnFocusLost() reason 0
[2019.01.25-22.19.16:735][592]LogSlate: FSceneViewport::OnFocusLost() reason 0
[2019.01.25-22.19.25:507][597]LogSlate: FSceneViewport::OnFocusLost() reason 0
[2019.01.25-22.19.31:557][246]LogSlate: FSceneViewport::OnFocusLost() reason 0
[2019.01.25-22.19.50:876][530]Cmd: BRUSH ADD SELECTNEWBRUSH
[2019.01.25-22.19.52:931][763]LogSlate: FSceneViewport::OnFocusLost() reason 0
[2019.01.25-22.20.09:482][432]LogEditorViewport: Clicking on Actor (LMB): BP_Sky_Sphere_C (Sky Sphere)
[2019.01.25-22.20.21:317][777]LogSlate: FSceneViewport::OnFocusLost() reason 0
[2019.01.25-22.20.32:831][ 40]LogSlate: FSceneViewport::OnFocusLost() reason 0
[2019.01.25-22.20.47:889][770]LogSlate: FSceneViewport::OnFocusLost() reason 0
[2019.01.25-22.20.53:214][368]LogSlate: FSceneViewport::OnFocusLost() reason 0
[2019.01.25-22.21.07:017][914]LogSlate: FSceneViewport::OnFocusLost() reason 0
[2019.01.25-22.21.37:340][105]LogSlate: FSceneViewport::OnFocusLost() reason 0
[2019.01.25-22.21.54:689][178]Cmd: EDIT COPY
[2019.01.25-22.21.55:530][277]Cmd: EDIT PASTE
[2019.01.25-22.22.15:853][439]LogSlate: FSceneViewport::OnFocusLost() reason 2
[2019.01.25-22.22.17:361][610]LogSlate: FSceneViewport::OnFocusLost() reason 2
[2019.01.25-22.22.18:108][610]LogSavePackage: Moving '../../../../../../Users/u1195248/Documents/GitHub/JS_AssetPipeline/JesseUnreal/Saved/JS_WBStreet13495E2FF4ABD3BC792F80BBE428D429F.tmp' to '../../../../../../Users/u1195248/Documents/GitHub/JS_AssetPipeline/JesseUnreal/Content/JS_WBStreet1.umap'
[2019.01.25-22.22.18:146][610]LogFileHelpers: Saving map 'JS_WBStreet1' took 0.782
[2019.01.25-22.22.22:131][ 73]LogSlate: FSceneViewport::OnFocusLost() reason 0
[2019.01.25-22.22.22:989][171]Cmd: BRUSH ADD SELECTNEWBRUSH
[2019.01.25-22.22.25:353][442]LogSlate: FSceneViewport::OnFocusLost() reason 0
[2019.01.25-22.22.39:142][ 35]LogSlate: FSceneViewport::OnFocusLost() reason 0
[2019.01.25-22.22.53:394][739]LogEditorViewport: Clicking on Actor (LMB): BP_Sky_Sphere_C (Sky Sphere)
[2019.01.25-22.22.55:673][999]Cmd: DELETE
[2019.01.25-22.22.55:673][999]Cmd: ACTOR DELETE
[2019.01.25-22.22.55:693][999]LogEditorActor: Deleted Actor: Brush
[2019.01.25-22.22.55:883][999]LogEditorActor: Deleted 1 Actors (0.210 secs)
[2019.01.25-22.22.57:744][198]LogSlate: FSceneViewport::OnFocusLost() reason 0
[2019.01.25-22.22.58:983][342]Cmd: BRUSH ADD SELECTNEWBRUSH
[2019.01.25-22.23.00:546][516]LogSlate: FSceneViewport::OnFocusLost() reason 0
[2019.01.25-22.23.07:174][271]LogSlate: FSceneViewport::OnFocusLost() reason 0
[2019.01.25-22.23.19:978][762]LogEditorViewport: Clicking on Actor (LMB): BP_Sky_Sphere_C (Sky Sphere)
[2019.01.25-22.23.33:811][188]LogSlate: FSceneViewport::OnFocusLost() reason 0
[2019.01.25-22.23.45:623][519]LogSlate: FSceneViewport::OnFocusLost() reason 0
[2019.01.25-22.23.53:220][389]LogSlate: FSceneViewport::OnFocusLost() reason 0
[2019.01.25-22.24.33:866][ 63]LogSlate: FSceneViewport::OnFocusLost() reason 2
[2019.01.25-22.24.46:343][489]Cmd: TRANSACTION UNDO
[2019.01.25-22.24.46:343][489]LogEditorTransaction: Undo Scale Actors
[2019.01.25-22.24.46:479][489]LogActorComponent: ~FComponentReregisterContext: (/Game/JS_WBStreet1.JS_WBStreet1:PersistentLevel.Brush_ST_78.BrushComponent0) Component already registered.
[2019.01.25-22.24.46:479][489]LogActorComponent: ~FComponentReregisterContext: (/Game/JS_WBStreet1.JS_WBStreet1:PersistentLevel.Brush_Grass_18.BrushComponent0) Component already registered.
[2019.01.25-22.24.46:480][489]LogActorComponent: ~FComponentReregisterContext: (/Game/JS_WBStreet1.JS_WBStreet1:PersistentLevel.Brush_ST_84.BrushComponent0) Component already registered.
[2019.01.25-22.24.46:481][489]LogActorComponent: ~FComponentReregisterContext: (/Game/JS_WBStreet1.JS_WBStreet1:PersistentLevel.Brush_SW_29.BrushComponent0) Component already registered.
[2019.01.25-22.24.46:481][489]LogActorComponent: ~FComponentReregisterContext: (/Game/JS_WBStreet1.JS_WBStreet1:PersistentLevel.Brush_ST_58.BrushComponent0) Component already registered.
[2019.01.25-22.24.46:481][489]LogActorComponent: ~FComponentReregisterContext: (/Game/JS_WBStreet1.JS_WBStreet1:PersistentLevel.Brush_ST_70.BrushComponent0) Component already registered.
[2019.01.25-22.24.46:482][489]LogActorComponent: ~FComponentReregisterContext: (/Game/JS_WBStreet1.JS_WBStreet1:PersistentLevel.Brush_ST_64.BrushComponent0) Component already registered.
[2019.01.25-22.24.46:482][489]LogActorComponent: ~FComponentReregisterContext: (/Game/JS_WBStreet1.JS_WBStreet1:PersistentLevel.Brush_ST_105.BrushComponent0) Component already registered.
[2019.01.25-22.24.46:482][489]LogActorComponent: ~FComponentReregisterContext: (/Game/JS_WBStreet1.JS_WBStreet1:PersistentLevel.Brush_SW_46.BrushComponent0) Component already registered.
[2019.01.25-22.24.46:483][489]LogActorComponent: ~FComponentReregisterContext: (/Game/JS_WBStreet1.JS_WBStreet1:PersistentLevel.Brush_Grass_34.BrushComponent0) Component already registered.
[2019.01.25-22.24.46:483][489]LogActorComponent: ~FComponentReregisterContext: (/Game/JS_WBStreet1.JS_WBStreet1:PersistentLevel.Brush_ST_111.BrushComponent0) Component already registered.
[2019.01.25-22.24.46:485][489]LogActorComponent: ~FComponentReregisterContext: (/Game/JS_WBStreet1.JS_WBStreet1:PersistentLevel.Brush_ST_96.BrushComponent0) Component already registered.
[2019.01.25-22.24.46:485][489]LogActorComponent: ~FComponentReregisterContext: (/Game/JS_WBStreet1.JS_WBStreet1:PersistentLevel.Brush_ST_25.BrushComponent0) Component already registered.
[2019.01.25-22.24.46:485][489]LogActorComponent: ~FComponentReregisterContext: (/Game/JS_WBStreet1.JS_WBStreet1:PersistentLevel.CylinderBrush2.BrushComponent0) Component already registered.
[2019.01.25-22.24.46:486][489]LogActorComponent: ~FComponentReregisterContext: (/Game/JS_WBStreet1.JS_WBStreet1:PersistentLevel.Brush_ST_2.BrushComponent0) Component already registered.
[2019.01.25-22.24.46:499][489]LogActorComponent: ~FComponentReregisterContext: (/Game/JS_WBStreet1.JS_WBStreet1:PersistentLevel.Brush_ST_12.BrushComponent0) Component already registered.
[2019.01.25-22.24.46:499][489]LogActorComponent: ~FComponentReregisterContext: (/Game/JS_WBStreet1.JS_WBStreet1:PersistentLevel.Brush_ST_49.BrushComponent0) Component already registered.
[2019.01.25-22.24.46:499][489]LogActorComponent: ~FComponentReregisterContext: (/Game/JS_WBStreet1.JS_WBStreet1:PersistentLevel.Brush_ST_43.BrushComponent0) Component already registered.
[2019.01.25-22.24.46:500][489]LogActorComponent: ~FComponentReregisterContext: (/Game/JS_WBStreet1.JS_WBStreet1:PersistentLevel.Brush_ST_55.BrushComponent0) Component already registered.
[2019.01.25-22.24.46:500][489]LogActorComponent: ~FComponentReregisterContext: (/Game/JS_WBStreet1.JS_WBStreet1:PersistentLevel.Brush_SW_71.BrushComponent0) Component already registered.
[2019.01.25-22.24.46:501][489]LogActorComponent: ~FComponentReregisterContext: (/Game/JS_WBStreet1.JS_WBStreet1:PersistentLevel.Brush_SW_8.BrushComponent0) Component already registered.
[2019.01.25-22.24.46:501][489]LogActorComponent: ~FComponentReregisterContext: (/Game/JS_WBStreet1.JS_WBStreet1:PersistentLevel.Brush_ST_41.BrushComponent0) Component already registered.
[2019.01.25-22.24.46:501][489]LogActorComponent: ~FComponentReregisterContext: (/Game/JS_WBStreet1.JS_WBStreet1:PersistentLevel.Brush_SW_18.BrushComponent0) Component already registered.
[2019.01.25-22.24.46:502][489]LogActorComponent: ~FComponentReregisterContext: (/Game/JS_WBStreet1.JS_WBStreet1:PersistentLevel.CylinderBrush5_3.BrushComponent0) Component already registered.
[2019.01.25-22.24.46:502][489]LogActorComponent: ~FComponentReregisterContext: (/Game/JS_WBStreet1.JS_WBStreet1:PersistentLevel.Brush_SW_81.BrushComponent0) Component already registered.
[2019.01.25-22.24.46:503][489]LogActorComponent: ~FComponentReregisterContext: (/Game/JS_WBStreet1.JS_WBStreet1:PersistentLevel.Brush_Wall_9.BrushComponent0) Component already registered.
[2019.01.25-22.24.46:503][489]LogActorComponent: ~FComponentReregisterContext: (/Game/JS_WBStreet1.JS_WBStreet1:PersistentLevel.Brush_Wall_1.BrushComponent0) Component already registered.
[2019.01.25-22.24.46:504][489]LogActorComponent: ~FComponentReregisterContext: (/Game/JS_WBStreet1.JS_WBStreet1:PersistentLevel.Brush_SW_78.BrushComponent0) Component already registered.
[2019.01.25-22.24.46:504][489]LogActorComponent: ~FComponentReregisterContext: (/Game/JS_WBStreet1.JS_WBStreet1:PersistentLevel.Brush_SW_75.BrushComponent0) Component already registered.
[2019.01.25-22.24.46:504][489]LogActorComponent: ~FComponentReregisterContext: (/Game/JS_WBStreet1.JS_WBStreet1:PersistentLevel.Brush_Grass_63.BrushComponent0) Component already registered.
[2019.01.25-22.24.46:506][489]LogActorComponent: ~FComponentReregisterContext: (/Game/JS_WBStreet1.JS_WBStreet1:PersistentLevel.Brush_piller_73.BrushComponent0) Component already registered.
[2019.01.25-22.24.46:507][489]LogActorComponent: ~FComponentReregisterContext: (/Game/JS_WBStreet1.JS_WBStreet1:PersistentLevel.Brush_Wall_25.BrushComponent0) Component already registered.
[2019.01.25-22.24.46:507][489]LogActorComponent: ~FComponentReregisterContext: (/Game/JS_WBStreet1.JS_WBStreet1:PersistentLevel.Brush_Wall_15.BrushComponent0) Component already registered.
[2019.01.25-22.24.46:507][489]LogActorComponent: ~FComponentReregisterContext: (/Game/JS_WBStreet1.JS_WBStreet1:PersistentLevel.Brush_Wall_35.BrushComponent0) Component already registered.
[2019.01.25-22.24.46:508][489]LogActorComponent: ~FComponentReregisterContext: (/Game/JS_WBStreet1.JS_WBStreet1:PersistentLevel.Brush_ST_136.BrushComponent0) Component already registered.
[2019.01.25-22.24.46:509][489]LogActorComponent: ~FComponentReregisterContext: (/Game/JS_WBStreet1.JS_WBStreet1:PersistentLevel.Brush_Grass_41.BrushComponent0) Component already registered.
[2019.01.25-22.24.46:509][489]LogActorComponent: ~FComponentReregisterContext: (/Game/JS_WBStreet1.JS_WBStreet1:PersistentLevel.Brush_ST_143.BrushComponent0) Component already registered.
[2019.01.25-22.24.46:509][489]LogActorComponent: ~FComponentReregisterContext: (/Game/JS_WBStreet1.JS_WBStreet1:PersistentLevel.Brush_Grass_44.BrushComponent0) Component already registered.
[2019.01.25-22.24.46:510][489]LogActorComponent: ~FComponentReregisterContext: (/Game/JS_WBStreet1.JS_WBStreet1:PersistentLevel.Brush_SW_53.BrushComponent0) Component already registered.
[2019.01.25-22.24.46:511][489]LogActorComponent: ~FComponentReregisterContext: (/Game/JS_WBStreet1.JS_WBStreet1:PersistentLevel.Brush_ST_165.BrushComponent0) Component already registered.
[2019.01.25-22.24.46:512][489]LogActorComponent: ~FComponentReregisterContext: (/Game/JS_WBStreet1.JS_WBStreet1:PersistentLevel.Brush_SW_70.BrushComponent0) Component already registered.
[2019.01.25-22.24.46:512][489]LogActorComponent: ~FComponentReregisterContext: (/Game/JS_WBStreet1.JS_WBStreet1:PersistentLevel.Brush_Grass_58.BrushComponent0) Component already registered.
[2019.01.25-22.24.46:512][489]LogActorComponent: ~FComponentReregisterContext: (/Game/JS_WBStreet1.JS_WBStreet1:PersistentLevel.Brush_Grass_55.BrushComponent0) Component already registered.
[2019.01.25-22.24.46:513][489]LogActorComponent: ~FComponentReregisterContext: (/Game/JS_WBStreet1.JS_WBStreet1:PersistentLevel.Brush_Grass_49.BrushComponent0) Component already registered.
[2019.01.25-22.24.46:513][489]LogActorComponent: ~FComponentReregisterContext: (/Game/JS_WBStreet1.JS_WBStreet1:PersistentLevel.Brush_SW_64.BrushComponent0) Component already registered.
[2019.01.25-22.24.46:513][489]LogActorComponent: ~FComponentReregisterContext: (/Game/JS_WBStreet1.JS_WBStreet1:PersistentLevel.Brush_Grass_52.BrushComponent0) Component already registered.
[2019.01.25-22.24.47:442][584]LogEditorViewport: Clicking on Actor (LMB): BP_Sky_Sphere_C (Sky Sphere)
[2019.01.25-22.24.49:901][865]LogSlate: FSceneViewport::OnFocusLost() reason 0
[2019.01.25-22.24.50:032][879]LogMaterial: Display: Missing cached shader map for material LayerVisMaterial, compiling. 
[2019.01.25-22.24.50:050][879]LogShaderCompilers: Display: Shaders left to compile 8
[2019.01.25-22.24.50:050][879]LogMaterial: Display: Missing cached shader map for material SelectBrushMaterial, compiling. 
[2019.01.25-22.24.50:072][879]LogShaderCompilers: Display: Shaders left to compile 20
[2019.01.25-22.24.50:072][879]LogShaderCompilers: Display: Shaders left to compile 10
[2019.01.25-22.24.50:072][879]LogMaterial: Display: Missing cached shader map for material SelectBrushMaterial, compiling. 
[2019.01.25-22.24.50:096][879]LogShaderCompilers: Display: Shaders left to compile 20
[2019.01.25-22.24.50:096][879]LogMaterial: Display: Missing cached shader map for material MaskBrushMaterial, compiling. 
[2019.01.25-22.24.50:128][879]LogMaterial: Display: Missing cached shader map for material LandscapeLayerUsageMaterial, compiling. 
[2019.01.25-22.24.50:162][879]LogMaterial: Display: Missing cached shader map for material CircleBrushMaterial, compiling. 
[2019.01.25-22.24.50:173][879]LogMaterial: Display: Missing cached shader map for material CircleBrushMaterial, compiling. 
[2019.01.25-22.24.50:185][879]LogMaterial: Display: Missing cached shader map for material CircleBrushMaterial, compiling. 
[2019.01.25-22.24.50:199][879]LogMaterial: Display: Missing cached shader map for material CircleBrushMaterial, compiling. 
[2019.01.25-22.24.50:215][879]LogMaterial: Display: Missing cached shader map for material AlphaBrushMaterial, compiling. 
[2019.01.25-22.24.50:228][879]LogMaterial: Display: Missing cached shader map for material CircleBrushMaterial, compiling. 
[2019.01.25-22.24.50:244][879]LogMaterial: Display: Missing cached shader map for material MaskBrushMaterial, compiling. 
[2019.01.25-22.24.50:264][879]LogTexture: Display: Building textures: Texture2D_2 (G8, 128X128)
[2019.01.25-22.24.51:990][ 23]LogShaderCompilers: Display: Shaders left to compile 178
[2019.01.25-22.24.52:794][100]LogShaderCompilers: Display: Shaders left to compile 168
[2019.01.25-22.24.52:876][108]LogShaderCompilers: Display: Shaders left to compile 158
[2019.01.25-22.24.52:976][118]LogShaderCompilers: Display: Shaders left to compile 148
[2019.01.25-22.24.53:366][159]LogActorComponent: UnregisterComponent: (/Engine/Transient.SphereBrushComponent) Not registered. Aborting.
[2019.01.25-22.24.54:431][269]LogShaderCompilers: Display: Shaders left to compile 138
[2019.01.25-22.24.55:079][327]LogShaderCompilers: Display: Shaders left to compile 128
[2019.01.25-22.24.55:259][345]LogShaderCompilers: Display: Shaders left to compile 118
[2019.01.25-22.24.55:289][348]LogShaderCompilers: Display: Shaders left to compile 108
[2019.01.25-22.24.57:029][522]LogShaderCompilers: Display: Shaders left to compile 98
[2019.01.25-22.24.57:667][586]LogShaderCompilers: Display: Shaders left to compile 88
[2019.01.25-22.24.57:844][604]LogShaderCompilers: Display: Shaders left to compile 78
[2019.01.25-22.24.57:889][609]LogShaderCompilers: Display: Shaders left to compile 68
[2019.01.25-22.24.58:610][681]LogSlate: FSceneViewport::OnFocusLost() reason 0
[2019.01.25-22.24.59:630][784]LogShaderCompilers: Display: Shaders left to compile 58
[2019.01.25-22.25.00:195][846]LogShaderCompilers: Display: Shaders left to compile 48
[2019.01.25-22.25.00:413][869]LogShaderCompilers: Display: Shaders left to compile 38
[2019.01.25-22.25.00:420][870]LogShaderCompilers: Display: Shaders left to compile 28
[2019.01.25-22.25.01:254][955]LogSlate: FSceneViewport::OnFocusLost() reason 0
[2019.01.25-22.25.01:368][965]LogActorComponent: UnregisterComponent: (/Engine/Transient.SphereBrushComponent) Not registered. Aborting.
[2019.01.25-22.25.02:164][ 44]LogShaderCompilers: Display: Shaders left to compile 18
[2019.01.25-22.25.02:693][ 90]LogShaderCompilers: Display: Shaders left to compile 8
[2019.01.25-22.25.08:227][727]LogSlate: FSceneViewport::OnFocusLost() reason 0
[2019.01.25-22.25.33:890][693]Cmd: TRANSACTION UNDO
[2019.01.25-22.25.33:890][693]LogEditorTransaction: Undo Scale Actors
[2019.01.25-22.25.34:022][693]LogActorComponent: ~FComponentReregisterContext: (/Game/JS_WBStreet1.JS_WBStreet1:PersistentLevel.Brush_ST_78.BrushComponent0) Component already registered.
[2019.01.25-22.25.34:022][693]LogActorComponent: ~FComponentReregisterContext: (/Game/JS_WBStreet1.JS_WBStreet1:PersistentLevel.Brush_Grass_18.BrushComponent0) Component already registered.
[2019.01.25-22.25.34:022][693]LogActorComponent: ~FComponentReregisterContext: (/Game/JS_WBStreet1.JS_WBStreet1:PersistentLevel.Brush_ST_84.BrushComponent0) Component already registered.
[2019.01.25-22.25.34:023][693]LogActorComponent: ~FComponentReregisterContext: (/Game/JS_WBStreet1.JS_WBStreet1:PersistentLevel.Brush_SW_29.BrushComponent0) Component already registered.
[2019.01.25-22.25.34:024][693]LogActorComponent: ~FComponentReregisterContext: (/Game/JS_WBStreet1.JS_WBStreet1:PersistentLevel.Brush_ST_58.BrushComponent0) Component already registered.
[2019.01.25-22.25.34:024][693]LogActorComponent: ~FComponentReregisterContext: (/Game/JS_WBStreet1.JS_WBStreet1:PersistentLevel.Brush_ST_70.BrushComponent0) Component already registered.
[2019.01.25-22.25.34:025][693]LogActorComponent: ~FComponentReregisterContext: (/Game/JS_WBStreet1.JS_WBStreet1:PersistentLevel.Brush_ST_64.BrushComponent0) Component already registered.
[2019.01.25-22.25.34:025][693]LogActorComponent: ~FComponentReregisterContext: (/Game/JS_WBStreet1.JS_WBStreet1:PersistentLevel.Brush_ST_105.BrushComponent0) Component already registered.
[2019.01.25-22.25.34:025][693]LogActorComponent: ~FComponentReregisterContext: (/Game/JS_WBStreet1.JS_WBStreet1:PersistentLevel.Brush_SW_46.BrushComponent0) Component already registered.
[2019.01.25-22.25.34:026][693]LogActorComponent: ~FComponentReregisterContext: (/Game/JS_WBStreet1.JS_WBStreet1:PersistentLevel.Brush_Grass_34.BrushComponent0) Component already registered.
[2019.01.25-22.25.34:026][693]LogActorComponent: ~FComponentReregisterContext: (/Game/JS_WBStreet1.JS_WBStreet1:PersistentLevel.Brush_ST_111.BrushComponent0) Component already registered.
[2019.01.25-22.25.34:028][693]LogActorComponent: ~FComponentReregisterContext: (/Game/JS_WBStreet1.JS_WBStreet1:PersistentLevel.Brush_ST_96.BrushComponent0) Component already registered.
[2019.01.25-22.25.34:028][693]LogActorComponent: ~FComponentReregisterContext: (/Game/JS_WBStreet1.JS_WBStreet1:PersistentLevel.Brush_ST_25.BrushComponent0) Component already registered.
[2019.01.25-22.25.34:029][693]LogActorComponent: ~FComponentReregisterContext: (/Game/JS_WBStreet1.JS_WBStreet1:PersistentLevel.CylinderBrush2.BrushComponent0) Component already registered.
[2019.01.25-22.25.34:030][693]LogActorComponent: ~FComponentReregisterContext: (/Game/JS_WBStreet1.JS_WBStreet1:PersistentLevel.Brush_ST_2.BrushComponent0) Component already registered.
[2019.01.25-22.25.34:042][693]LogActorComponent: ~FComponentReregisterContext: (/Game/JS_WBStreet1.JS_WBStreet1:PersistentLevel.Brush_ST_12.BrushComponent0) Component already registered.
[2019.01.25-22.25.34:043][693]LogActorComponent: ~FComponentReregisterContext: (/Game/JS_WBStreet1.JS_WBStreet1:PersistentLevel.Brush_ST_49.BrushComponent0) Component already registered.
[2019.01.25-22.25.34:043][693]LogActorComponent: ~FComponentReregisterContext: (/Game/JS_WBStreet1.JS_WBStreet1:PersistentLevel.Brush_ST_43.BrushComponent0) Component already registered.
[2019.01.25-22.25.34:043][693]LogActorComponent: ~FComponentReregisterContext: (/Game/JS_WBStreet1.JS_WBStreet1:PersistentLevel.Brush_ST_55.BrushComponent0) Component already registered.
[2019.01.25-22.25.34:044][693]LogActorComponent: ~FComponentReregisterContext: (/Game/JS_WBStreet1.JS_WBStreet1:PersistentLevel.Brush_SW_71.BrushComponent0) Component already registered.
[2019.01.25-22.25.34:045][693]LogActorComponent: ~FComponentReregisterContext: (/Game/JS_WBStreet1.JS_WBStreet1:PersistentLevel.Brush_SW_8.BrushComponent0) Component already registered.
[2019.01.25-22.25.34:045][693]LogActorComponent: ~FComponentReregisterContext: (/Game/JS_WBStreet1.JS_WBStreet1:PersistentLevel.Brush_ST_41.BrushComponent0) Component already registered.
[2019.01.25-22.25.34:045][693]LogActorComponent: ~FComponentReregisterContext: (/Game/JS_WBStreet1.JS_WBStreet1:PersistentLevel.Brush_SW_18.BrushComponent0) Component already registered.
[2019.01.25-22.25.34:046][693]LogActorComponent: ~FComponentReregisterContext: (/Game/JS_WBStreet1.JS_WBStreet1:PersistentLevel.CylinderBrush5_3.BrushComponent0) Component already registered.
[2019.01.25-22.25.34:046][693]LogActorComponent: ~FComponentReregisterContext: (/Game/JS_WBStreet1.JS_WBStreet1:PersistentLevel.Brush_SW_81.BrushComponent0) Component already registered.
[2019.01.25-22.25.34:047][693]LogActorComponent: ~FComponentReregisterContext: (/Game/JS_WBStreet1.JS_WBStreet1:PersistentLevel.Brush_Wall_9.BrushComponent0) Component already registered.
[2019.01.25-22.25.34:047][693]LogActorComponent: ~FComponentReregisterContext: (/Game/JS_WBStreet1.JS_WBStreet1:PersistentLevel.Brush_Wall_1.BrushComponent0) Component already registered.
[2019.01.25-22.25.34:047][693]LogActorComponent: ~FComponentReregisterContext: (/Game/JS_WBStreet1.JS_WBStreet1:PersistentLevel.Brush_SW_78.BrushComponent0) Component already registered.
[2019.01.25-22.25.34:048][693]LogActorComponent: ~FComponentReregisterContext: (/Game/JS_WBStreet1.JS_WBStreet1:PersistentLevel.Brush_SW_75.BrushComponent0) Component already registered.
[2019.01.25-22.25.34:048][693]LogActorComponent: ~FComponentReregisterContext: (/Game/JS_WBStreet1.JS_WBStreet1:PersistentLevel.Brush_Grass_63.BrushComponent0) Component already registered.
[2019.01.25-22.25.34:050][693]LogActorComponent: ~FComponentReregisterContext: (/Game/JS_WBStreet1.JS_WBStreet1:PersistentLevel.Brush_piller_73.BrushComponent0) Component already registered.
[2019.01.25-22.25.34:050][693]LogActorComponent: ~FComponentReregisterContext: (/Game/JS_WBStreet1.JS_WBStreet1:PersistentLevel.Brush_Wall_25.BrushComponent0) Component already registered.
[2019.01.25-22.25.34:051][693]LogActorComponent: ~FComponentReregisterContext: (/Game/JS_WBStreet1.JS_WBStreet1:PersistentLevel.Brush_Wall_15.BrushComponent0) Component already registered.
[2019.01.25-22.25.34:051][693]LogActorComponent: ~FComponentReregisterContext: (/Game/JS_WBStreet1.JS_WBStreet1:PersistentLevel.Brush_Wall_35.BrushComponent0) Component already registered.
[2019.01.25-22.25.34:052][693]LogActorComponent: ~FComponentReregisterContext: (/Game/JS_WBStreet1.JS_WBStreet1:PersistentLevel.Brush_ST_136.BrushComponent0) Component already registered.
[2019.01.25-22.25.34:052][693]LogActorComponent: ~FComponentReregisterContext: (/Game/JS_WBStreet1.JS_WBStreet1:PersistentLevel.Brush_Grass_41.BrushComponent0) Component already registered.
[2019.01.25-22.25.34:053][693]LogActorComponent: ~FComponentReregisterContext: (/Game/JS_WBStreet1.JS_WBStreet1:PersistentLevel.Brush_ST_143.BrushComponent0) Component already registered.
[2019.01.25-22.25.34:053][693]LogActorComponent: ~FComponentReregisterContext: (/Game/JS_WBStreet1.JS_WBStreet1:PersistentLevel.Brush_Grass_44.BrushComponent0) Component already registered.
[2019.01.25-22.25.34:054][693]LogActorComponent: ~FComponentReregisterContext: (/Game/JS_WBStreet1.JS_WBStreet1:PersistentLevel.Brush_SW_53.BrushComponent0) Component already registered.
[2019.01.25-22.25.34:055][693]LogActorComponent: ~FComponentReregisterContext: (/Game/JS_WBStreet1.JS_WBStreet1:PersistentLevel.Brush_ST_165.BrushComponent0) Component already registered.
[2019.01.25-22.25.34:056][693]LogActorComponent: ~FComponentReregisterContext: (/Game/JS_WBStreet1.JS_WBStreet1:PersistentLevel.Brush_SW_70.BrushComponent0) Component already registered.
[2019.01.25-22.25.34:056][693]LogActorComponent: ~FComponentReregisterContext: (/Game/JS_WBStreet1.JS_WBStreet1:PersistentLevel.Brush_Grass_58.BrushComponent0) Component already registered.
[2019.01.25-22.25.34:056][693]LogActorComponent: ~FComponentReregisterContext: (/Game/JS_WBStreet1.JS_WBStreet1:PersistentLevel.Brush_Grass_55.BrushComponent0) Component already registered.
[2019.01.25-22.25.34:057][693]LogActorComponent: ~FComponentReregisterContext: (/Game/JS_WBStreet1.JS_WBStreet1:PersistentLevel.Brush_Grass_49.BrushComponent0) Component already registered.
[2019.01.25-22.25.34:057][693]LogActorComponent: ~FComponentReregisterContext: (/Game/JS_WBStreet1.JS_WBStreet1:PersistentLevel.Brush_SW_64.BrushComponent0) Component already registered.
[2019.01.25-22.25.34:058][693]LogActorComponent: ~FComponentReregisterContext: (/Game/JS_WBStreet1.JS_WBStreet1:PersistentLevel.Brush_Grass_52.BrushComponent0) Component already registered.
[2019.01.25-22.26.52:675][ 90]Cmd: EDIT COPY
[2019.01.25-22.26.53:238][156]Cmd: EDIT PASTE
[2019.01.25-22.27.14:181][413]Cmd: EDIT COPY
[2019.01.25-22.27.14:676][472]Cmd: EDIT PASTE
[2019.01.25-22.27.34:114][ 35]LogSlate: FSceneViewport::OnFocusLost() reason 0
[2019.01.25-22.27.40:163][754]Cmd: BRUSH ADD SELECTNEWBRUSH
[2019.01.25-22.27.41:668][922]LogSlate: FSceneViewport::OnFocusLost() reason 0
[2019.01.25-22.27.57:130][546]LogSlate: FSceneViewport::OnFocusLost() reason 0
[2019.01.25-22.28.28:433][ 48]Cmd: TRANSACTION UNDO
[2019.01.25-22.28.28:433][ 48]LogEditorTransaction: Undo Set Rotation
[2019.01.25-22.28.28:586][ 48]LogActorComponent: ~FComponentReregisterContext: (/Game/JS_WBStreet1.JS_WBStreet1:PersistentLevel.Brush_ST_73.BrushComponent0) Component already registered.
[2019.01.25-22.28.28:586][ 48]LogActorComponent: ~FComponentReregisterContext: (/Game/JS_WBStreet1.JS_WBStreet1:PersistentLevel.Brush_ST_79.BrushComponent0) Component already registered.
[2019.01.25-22.28.28:587][ 48]LogActorComponent: ~FComponentReregisterContext: (/Game/JS_WBStreet1.JS_WBStreet1:PersistentLevel.Brush_ST_85.BrushComponent0) Component already registered.
[2019.01.25-22.28.28:591][ 48]LogActorComponent: ~FComponentReregisterContext: (/Game/JS_WBStreet1.JS_WBStreet1:PersistentLevel.Brush_SW_45.BrushComponent0) Component already registered.
[2019.01.25-22.28.28:591][ 48]LogActorComponent: ~FComponentReregisterContext: (/Game/JS_WBStreet1.JS_WBStreet1:PersistentLevel.Brush_ST_97.BrushComponent0) Component already registered.
[2019.01.25-22.28.28:592][ 48]LogActorComponent: ~FComponentReregisterContext: (/Game/JS_WBStreet1.JS_WBStreet1:PersistentLevel.Brush_ST_18.BrushComponent0) Component already registered.
[2019.01.25-22.28.28:593][ 48]LogActorComponent: ~FComponentReregisterContext: (/Game/JS_WBStreet1.JS_WBStreet1:PersistentLevel.Brush_ST_28.BrushComponent0) Component already registered.
[2019.01.25-22.28.28:593][ 48]LogActorComponent: ~FComponentReregisterContext: (/Game/JS_WBStreet1.JS_WBStreet1:PersistentLevel.Brush_SW_1.BrushComponent0) Component already registered.
[2019.01.25-22.28.28:614][ 48]LogActorComponent: ~FComponentReregisterContext: (/Game/JS_WBStreet1.JS_WBStreet1:PersistentLevel.Brush_SW_22.BrushComponent0) Component already registered.
[2019.01.25-22.28.28:614][ 48]LogActorComponent: ~FComponentReregisterContext: (/Game/JS_WBStreet1.JS_WBStreet1:PersistentLevel.Brush_Grass_1.BrushComponent0) Component already registered.
[2019.01.25-22.28.28:618][ 48]LogActorComponent: ~FComponentReregisterContext: (/Game/JS_WBStreet1.JS_WBStreet1:PersistentLevel.Brush_SW_77.BrushComponent0) Component already registered.
[2019.01.25-22.28.28:621][ 48]LogActorComponent: ~FComponentReregisterContext: (/Game/JS_WBStreet1.JS_WBStreet1:PersistentLevel.Brush_piller_7.BrushComponent0) Component already registered.
[2019.01.25-22.28.28:622][ 48]LogActorComponent: ~FComponentReregisterContext: (/Game/JS_WBStreet1.JS_WBStreet1:PersistentLevel.Brush_Wall_21.BrushComponent0) Component already registered.
[2019.01.25-22.28.28:623][ 48]LogActorComponent: ~FComponentReregisterContext: (/Game/JS_WBStreet1.JS_WBStreet1:PersistentLevel.Brush_Grass_42.BrushComponent0) Component already registered.
[2019.01.25-22.28.28:623][ 48]LogActorComponent: ~FComponentReregisterContext: (/Game/JS_WBStreet1.JS_WBStreet1:PersistentLevel.Brush_ST_138.BrushComponent0) Component already registered.
[2019.01.25-22.28.28:624][ 48]LogActorComponent: ~FComponentReregisterContext: (/Game/JS_WBStreet1.JS_WBStreet1:PersistentLevel.Brush_ST_144.BrushComponent0) Component already registered.
[2019.01.25-22.28.28:629][ 48]LogActorComponent: ~FComponentReregisterContext: (/Game/JS_WBStreet1.JS_WBStreet1:PersistentLevel.Brush_ST_162.BrushComponent0) Component already registered.
[2019.01.25-22.28.28:629][ 48]LogActorComponent: ~FComponentReregisterContext: (/Game/JS_WBStreet1.JS_WBStreet1:PersistentLevel.Brush_ST_156.BrushComponent0) Component already registered.
[2019.01.25-22.29.43:309][470]LogEditorViewport: Clicking on Actor (LMB): BP_Sky_Sphere_C (Sky Sphere)
[2019.01.25-22.29.45:657][738]Cmd: EDIT COPY
[2019.01.25-22.29.46:128][794]Cmd: EDIT PASTE
[2019.01.25-22.29.50:407][202]LogSlate: FSceneViewport::OnFocusLost() reason 0
[2019.01.25-22.30.01:595][486]LogSlate: FSceneViewport::OnFocusLost() reason 0
[2019.01.25-22.30.10:184][434]LogEditorViewport: Clicking on Actor (LMB): BP_Sky_Sphere_C (Sky Sphere)
[2019.01.25-22.30.11:977][642]LogSlate: FSceneViewport::OnFocusLost() reason 0
[2019.01.25-22.30.12:868][744]Cmd: BRUSH ADD SELECTNEWBRUSH
[2019.01.25-22.30.14:254][897]LogSlate: FSceneViewport::OnFocusLost() reason 0
[2019.01.25-22.30.35:322][264]LogSlate: FSceneViewport::OnFocusLost() reason 0
[2019.01.25-22.30.48:449][605]LogSlate: FSceneViewport::OnFocusLost() reason 0
[2019.01.25-22.30.58:658][781]LogEditorViewport: Clicking on Actor (LMB): BP_Sky_Sphere_C (Sky Sphere)
[2019.01.25-22.31.00:054][935]Cmd: DELETE
[2019.01.25-22.31.00:054][935]Cmd: ACTOR DELETE
[2019.01.25-22.31.00:095][935]LogEditorActor: Deleted Actor: Brush
[2019.01.25-22.31.00:333][935]LogEditorActor: Deleted 1 Actors (0.279 secs)
[2019.01.25-22.31.02:644][172]Cmd: EDIT COPY
[2019.01.25-22.31.03:114][227]Cmd: EDIT PASTE
[2019.01.25-22.31.32:733][569]LogSlate: FSceneViewport::OnFocusLost() reason 0
[2019.01.25-22.31.34:211][740]Cmd: BRUSH ADD SELECTNEWBRUSH
[2019.01.25-22.31.37:524][122]LogSlate: FSceneViewport::OnFocusLost() reason 0
[2019.01.25-22.32.05:517][ 58]LogSlate: FSceneViewport::OnFocusLost() reason 0
[2019.01.25-22.32.09:042][426]LogEditorViewport: Clicking on Actor (LMB): BP_Sky_Sphere_C (Sky Sphere)
[2019.01.25-22.32.12:297][802]LogSlate: FSceneViewport::OnFocusLost() reason 0
[2019.01.25-22.33.12:839][ 42]LogEditorActor: Deleted Actor: Brush
[2019.01.25-22.33.13:061][ 42]LogEditorActor: Deleted 1 Actors (0.227 secs)
[2019.01.25-22.33.34:304][439]LogSlate: FSceneViewport::OnFocusLost() reason 0
[2019.01.25-22.33.51:641][238]LogEditorViewport: Clicking on Actor (LMB): BP_Sky_Sphere_C (Sky Sphere)
[2019.01.25-22.34.20:011][ 61]LogEditorViewport: Clicking on Actor (LMB): Brush (Brush_chimney_1)
[2019.01.25-22.34.30:855][295]LogSlate: FSceneViewport::OnFocusLost() reason 0
[2019.01.25-22.34.31:924][420]LogAssetEditorManager: Opening Asset editor for StaticMesh /Game/mann.mann
[2019.01.25-22.34.32:444][420]LogSlate: Took 0.001967 seconds to synchronously load lazily loaded font '../../../Engine/Content/Slate/Fonts/Roboto-Italic.ttf' (157K)
[2019.01.25-22.34.37:835][ 52]LogEditorViewport: Clicking on Actor (LMB): BP_Sky_Sphere_C (Sky Sphere)
[2019.01.25-22.34.56:266][207]Cmd: TRANSACTION UNDO
[2019.01.25-22.34.56:266][207]LogEditorTransaction: Undo Rotate Actors
[2019.01.25-22.35.01:670][833]Cmd: TRANSACTION UNDO
[2019.01.25-22.35.01:670][833]LogEditorTransaction: Undo Move Actors
[2019.01.25-22.35.09:601][763]LogEditorViewport: Clicking on Actor (LMB): StaticMeshActor (mann)
[2019.01.25-22.35.17:235][656]LogEditorViewport: Clicking on Actor (LMB): BP_Sky_Sphere_C (Sky Sphere)
[2019.01.25-22.35.18:769][829]LogSlate: FSceneViewport::OnFocusLost() reason 2
[2019.01.25-22.35.20:337][ 12]LogSlate: FSceneViewport::OnFocusLost() reason 2
[2019.01.25-22.35.21:122][ 12]LogSavePackage: Moving '../../../../../../Users/u1195248/Documents/GitHub/JS_AssetPipeline/JesseUnreal/Saved/JS_WBStreet1FDB649364C2D370CF760408CA9331DA5.tmp' to '../../../../../../Users/u1195248/Documents/GitHub/JS_AssetPipeline/JesseUnreal/Content/JS_WBStreet1.umap'
[2019.01.25-22.35.21:154][ 12]LogFileHelpers: Saving map 'JS_WBStreet1' took 0.814
